Analysis & Synthesis report for shifter
Tue Jan 24 18:48:51 2017
Quartus II 32-bit Version 13.0.1 Build 232 06/12/2013 Service Pack 1 SJ Full Version


---------------------
; Table of Contents ;
---------------------
  1. Legal Notice
  2. Analysis & Synthesis Summary
  3. Analysis & Synthesis Settings
  4. Parallel Compilation
  5. Analysis & Synthesis Source Files Read
  6. Analysis & Synthesis Resource Usage Summary
  7. Analysis & Synthesis Resource Utilization by Entity
  8. General Register Statistics
  9. Multiplexer Restructuring Statistics (Restructuring Performed)
 10. Elapsed Time Per Partition
 11. Analysis & Synthesis Messages



----------------
; Legal Notice ;
----------------
Copyright (C) 1991-2013 Altera Corporation
Your use of Altera Corporation's design tools, logic functions 
and other software and tools, and its AMPP partner logic 
functions, and any output files from any of the foregoing 
(including device programming or simulation files), and any 
associated documentation or information are expressly subject 
to the terms and conditions of the Altera Program License 
Subscription Agreement, Altera MegaCore Function License 
Agreement, or other applicable license agreement, including, 
without limitation, that your use is for the sole purpose of 
programming logic devices manufactured by Altera and sold by 
Altera or its authorized distributors.  Please refer to the 
applicable agreement for further details.



+--------------------------------------------------------------------------------+
; Analysis & Synthesis Summary                                                   ;
+-----------------------------+--------------------------------------------------+
; Analysis & Synthesis Status ; Successful - Tue Jan 24 18:48:51 2017            ;
; Quartus II 32-bit Version   ; 13.0.1 Build 232 06/12/2013 SP 1 SJ Full Version ;
; Revision Name               ; shifter                                          ;
; Top-level Entity Name       ; shifter                                          ;
; Family                      ; Cyclone                                          ;
; Total logic elements        ; 122                                              ;
; Total pins                  ; 40                                               ;
; Total virtual pins          ; 0                                                ;
; Total memory bits           ; 0                                                ;
; Total PLLs                  ; 0                                                ;
+-----------------------------+--------------------------------------------------+


+----------------------------------------------------------------------------------------------------------------------+
; Analysis & Synthesis Settings                                                                                        ;
+----------------------------------------------------------------------------+--------------------+--------------------+
; Option                                                                     ; Setting            ; Default Value      ;
+----------------------------------------------------------------------------+--------------------+--------------------+
; Device                                                                     ; EP1C6Q240C8        ;                    ;
; Top-level entity name                                                      ; shifter            ; shifter            ;
; Family name                                                                ; Cyclone            ; Cyclone IV GX      ;
; Use smart compilation                                                      ; Off                ; Off                ;
; Enable parallel Assembler and TimeQuest Timing Analyzer during compilation ; On                 ; On                 ;
; Enable compact report table                                                ; Off                ; Off                ;
; Restructure Multiplexers                                                   ; Auto               ; Auto               ;
; Create Debugging Nodes for IP Cores                                        ; Off                ; Off                ;
; Preserve fewer node names                                                  ; On                 ; On                 ;
; Disable OpenCore Plus hardware evaluation                                  ; Off                ; Off                ;
; Verilog Version                                                            ; Verilog_2001       ; Verilog_2001       ;
; VHDL Version                                                               ; VHDL_1993          ; VHDL_1993          ;
; State Machine Processing                                                   ; Auto               ; Auto               ;
; Safe State Machine                                                         ; Off                ; Off                ;
; Extract Verilog State Machines                                             ; On                 ; On                 ;
; Extract VHDL State Machines                                                ; On                 ; On                 ;
; Ignore Verilog initial constructs                                          ; Off                ; Off                ;
; Iteration limit for constant Verilog loops                                 ; 5000               ; 5000               ;
; Iteration limit for non-constant Verilog loops                             ; 250                ; 250                ;
; Add Pass-Through Logic to Inferred RAMs                                    ; On                 ; On                 ;
; Infer RAMs from Raw Logic                                                  ; On                 ; On                 ;
; Parallel Synthesis                                                         ; On                 ; On                 ;
; NOT Gate Push-Back                                                         ; On                 ; On                 ;
; Power-Up Don't Care                                                        ; On                 ; On                 ;
; Remove Redundant Logic Cells                                               ; Off                ; Off                ;
; Remove Duplicate Registers                                                 ; On                 ; On                 ;
; Ignore CARRY Buffers                                                       ; Off                ; Off                ;
; Ignore CASCADE Buffers                                                     ; Off                ; Off                ;
; Ignore GLOBAL Buffers                                                      ; Off                ; Off                ;
; Ignore ROW GLOBAL Buffers                                                  ; Off                ; Off                ;
; Ignore LCELL Buffers                                                       ; Off                ; Off                ;
; Ignore SOFT Buffers                                                        ; On                 ; On                 ;
; Limit AHDL Integers to 32 Bits                                             ; Off                ; Off                ;
; Optimization Technique                                                     ; Balanced           ; Balanced           ;
; Carry Chain Length                                                         ; 70                 ; 70                 ;
; Auto Carry Chains                                                          ; On                 ; On                 ;
; Auto Open-Drain Pins                                                       ; On                 ; On                 ;
; Perform WYSIWYG Primitive Resynthesis                                      ; Off                ; Off                ;
; Auto ROM Replacement                                                       ; On                 ; On                 ;
; Auto RAM Replacement                                                       ; On                 ; On                 ;
; Auto Shift Register Replacement                                            ; Auto               ; Auto               ;
; Allow Shift Register Merging across Hierarchies                            ; Auto               ; Auto               ;
; Auto Clock Enable Replacement                                              ; On                 ; On                 ;
; Strict RAM Replacement                                                     ; Off                ; Off                ;
; Allow Synchronous Control Signals                                          ; On                 ; On                 ;
; Force Use of Synchronous Clear Signals                                     ; Off                ; Off                ;
; Auto RAM Block Balancing                                                   ; On                 ; On                 ;
; Auto RAM to Logic Cell Conversion                                          ; Off                ; Off                ;
; Auto Resource Sharing                                                      ; Off                ; Off                ;
; Allow Any RAM Size For Recognition                                         ; Off                ; Off                ;
; Allow Any ROM Size For Recognition                                         ; Off                ; Off                ;
; Allow Any Shift Register Size For Recognition                              ; Off                ; Off                ;
; Use LogicLock Constraints during Resource Balancing                        ; On                 ; On                 ;
; Ignore translate_off and synthesis_off directives                          ; Off                ; Off                ;
; Report Parameter Settings                                                  ; On                 ; On                 ;
; Report Source Assignments                                                  ; On                 ; On                 ;
; Report Connectivity Checks                                                 ; On                 ; On                 ;
; Ignore Maximum Fan-Out Assignments                                         ; Off                ; Off                ;
; Synchronization Register Chain Length                                      ; 2                  ; 2                  ;
; PowerPlay Power Optimization                                               ; Normal compilation ; Normal compilation ;
; HDL message level                                                          ; Level2             ; Level2             ;
; Suppress Register Optimization Related Messages                            ; Off                ; Off                ;
; Number of Removed Registers Reported in Synthesis Report                   ; 5000               ; 5000               ;
; Number of Swept Nodes Reported in Synthesis Report                         ; 5000               ; 5000               ;
; Number of Inverted Registers Reported in Synthesis Report                  ; 100                ; 100                ;
; Clock MUX Protection                                                       ; On                 ; On                 ;
; Block Design Naming                                                        ; Auto               ; Auto               ;
; Synthesis Effort                                                           ; Auto               ; Auto               ;
; Shift Register Replacement - Allow Asynchronous Clear Signal               ; On                 ; On                 ;
; Pre-Mapping Resynthesis Optimization                                       ; Off                ; Off                ;
; Analysis & Synthesis Message Level                                         ; Medium             ; Medium             ;
; Disable Register Merging Across Hierarchies                                ; Auto               ; Auto               ;
; Resource Aware Inference For Block RAM                                     ; On                 ; On                 ;
; Synthesis Seed                                                             ; 1                  ; 1                  ;
+----------------------------------------------------------------------------+--------------------+--------------------+


+------------------------------------------+
; Parallel Compilation                     ;
+----------------------------+-------------+
; Processors                 ; Number      ;
+----------------------------+-------------+
; Number detected on machine ; 2           ;
; Maximum allowed            ; 2           ;
;                            ;             ;
; Average used               ; 1.00        ;
; Maximum used               ; 1           ;
;                            ;             ;
; Usage by Processor         ; % Time Used ;
;     Processor 1            ; 100.0%      ;
;     Processor 2            ;   0.0%      ;
+----------------------------+-------------+


+-------------------------------------------------------------------------------------------------------------------------------------------------------+
; Analysis & Synthesis Source Files Read                                                                                                                ;
+----------------------------------+-----------------+------------------------------------+---------------------------------------------------+---------+
; File Name with User-Entered Path ; Used in Netlist ; File Type                          ; File Name with Absolute Path                      ; Library ;
+----------------------------------+-----------------+------------------------------------+---------------------------------------------------+---------+
; ../ALU/MUX.bdf                   ; yes             ; User Block Diagram/Schematic File  ; /home/015/a0151390/le2/HW/cad/ALU/MUX.bdf         ;         ;
; ../ALU/16MUX.bdf                 ; yes             ; User Block Diagram/Schematic File  ; /home/015/a0151390/le2/HW/cad/ALU/16MUX.bdf       ;         ;
; ../ALU/8MUX.bdf                  ; yes             ; User Block Diagram/Schematic File  ; /home/015/a0151390/le2/HW/cad/ALU/8MUX.bdf        ;         ;
; ../ALU/4MUX.bdf                  ; yes             ; User Block Diagram/Schematic File  ; /home/015/a0151390/le2/HW/cad/ALU/4MUX.bdf        ;         ;
; shifter.bdf                      ; yes             ; User Block Diagram/Schematic File  ; /home/015/a0151390/le2/HW/cad/shifter/shifter.bdf ;         ;
+----------------------------------+-----------------+------------------------------------+---------------------------------------------------+---------+


+---------------------------------------------------------+
; Analysis & Synthesis Resource Usage Summary             ;
+---------------------------------------------+-----------+
; Resource                                    ; Usage     ;
+---------------------------------------------+-----------+
; Total logic elements                        ; 122       ;
;     -- Combinational with no register       ; 122       ;
;     -- Register only                        ; 0         ;
;     -- Combinational with a register        ; 0         ;
;                                             ;           ;
; Logic element usage by number of LUT inputs ;           ;
;     -- 4 input functions                    ; 64        ;
;     -- 3 input functions                    ; 52        ;
;     -- 2 input functions                    ; 6         ;
;     -- 1 input functions                    ; 0         ;
;     -- 0 input functions                    ; 0         ;
;                                             ;           ;
; Logic elements by mode                      ;           ;
;     -- normal mode                          ; 122       ;
;     -- arithmetic mode                      ; 0         ;
;     -- qfbk mode                            ; 0         ;
;     -- register cascade mode                ; 0         ;
;     -- synchronous clear/load mode          ; 0         ;
;     -- asynchronous clear/load mode         ; 0         ;
;                                             ;           ;
; Total registers                             ; 0         ;
; I/O pins                                    ; 40        ;
; Maximum fan-out node                        ; opcode[1] ;
; Maximum fan-out                             ; 46        ;
; Total fan-out                               ; 440       ;
; Average fan-out                             ; 2.72      ;
+---------------------------------------------+-----------+


+---------------------------------------------------------------------------------------------------------------------------------------------------------------------------------------------------------------------------------------------------------+
; Analysis & Synthesis Resource Utilization by Entity                                                                                                                                                                                                     ;
+----------------------------+-------------+--------------+-------------+------+--------------+--------------+-------------------+------------------+-----------------+------------+-------------------------------------------------------+--------------+
; Compilation Hierarchy Node ; Logic Cells ; LC Registers ; Memory Bits ; Pins ; Virtual Pins ; LUT-Only LCs ; Register-Only LCs ; LUT/Register LCs ; Carry Chain LCs ; Packed LCs ; Full Hierarchy Name                                   ; Library Name ;
+----------------------------+-------------+--------------+-------------+------+--------------+--------------+-------------------+------------------+-----------------+------------+-------------------------------------------------------+--------------+
; |shifter                   ; 122 (0)     ; 0            ; 0           ; 40   ; 0            ; 122 (0)      ; 0 (0)             ; 0 (0)            ; 0 (0)           ; 0 (0)      ; |shifter                                              ; work         ;
;    |16MUX:inst13|          ; 36 (0)      ; 0            ; 0           ; 0    ; 0            ; 36 (0)       ; 0 (0)             ; 0 (0)            ; 0 (0)           ; 0 (0)      ; |shifter|16MUX:inst13                                 ; work         ;
;       |8MUX:inst1|         ; 17 (0)      ; 0            ; 0           ; 0    ; 0            ; 17 (0)       ; 0 (0)             ; 0 (0)            ; 0 (0)           ; 0 (0)      ; |shifter|16MUX:inst13|8MUX:inst1                      ; work         ;
;          |4MUX:inst8|      ; 9 (0)       ; 0            ; 0           ; 0    ; 0            ; 9 (0)        ; 0 (0)             ; 0 (0)            ; 0 (0)           ; 0 (0)      ; |shifter|16MUX:inst13|8MUX:inst1|4MUX:inst8           ; work         ;
;             |MUX:inst1|    ; 2 (2)       ; 0            ; 0           ; 0    ; 0            ; 2 (2)        ; 0 (0)             ; 0 (0)            ; 0 (0)           ; 0 (0)      ; |shifter|16MUX:inst13|8MUX:inst1|4MUX:inst8|MUX:inst1 ; work         ;
;             |MUX:inst2|    ; 2 (2)       ; 0            ; 0           ; 0    ; 0            ; 2 (2)        ; 0 (0)             ; 0 (0)            ; 0 (0)           ; 0 (0)      ; |shifter|16MUX:inst13|8MUX:inst1|4MUX:inst8|MUX:inst2 ; work         ;
;             |MUX:inst3|    ; 3 (3)       ; 0            ; 0           ; 0    ; 0            ; 3 (3)        ; 0 (0)             ; 0 (0)            ; 0 (0)           ; 0 (0)      ; |shifter|16MUX:inst13|8MUX:inst1|4MUX:inst8|MUX:inst3 ; work         ;
;             |MUX:inst|     ; 2 (2)       ; 0            ; 0           ; 0    ; 0            ; 2 (2)        ; 0 (0)             ; 0 (0)            ; 0 (0)           ; 0 (0)      ; |shifter|16MUX:inst13|8MUX:inst1|4MUX:inst8|MUX:inst  ; work         ;
;          |4MUX:inst|       ; 8 (0)       ; 0            ; 0           ; 0    ; 0            ; 8 (0)        ; 0 (0)             ; 0 (0)            ; 0 (0)           ; 0 (0)      ; |shifter|16MUX:inst13|8MUX:inst1|4MUX:inst            ; work         ;
;             |MUX:inst1|    ; 2 (2)       ; 0            ; 0           ; 0    ; 0            ; 2 (2)        ; 0 (0)             ; 0 (0)            ; 0 (0)           ; 0 (0)      ; |shifter|16MUX:inst13|8MUX:inst1|4MUX:inst|MUX:inst1  ; work         ;
;             |MUX:inst2|    ; 2 (2)       ; 0            ; 0           ; 0    ; 0            ; 2 (2)        ; 0 (0)             ; 0 (0)            ; 0 (0)           ; 0 (0)      ; |shifter|16MUX:inst13|8MUX:inst1|4MUX:inst|MUX:inst2  ; work         ;
;             |MUX:inst3|    ; 2 (2)       ; 0            ; 0           ; 0    ; 0            ; 2 (2)        ; 0 (0)             ; 0 (0)            ; 0 (0)           ; 0 (0)      ; |shifter|16MUX:inst13|8MUX:inst1|4MUX:inst|MUX:inst3  ; work         ;
;             |MUX:inst|     ; 2 (2)       ; 0            ; 0           ; 0    ; 0            ; 2 (2)        ; 0 (0)             ; 0 (0)            ; 0 (0)           ; 0 (0)      ; |shifter|16MUX:inst13|8MUX:inst1|4MUX:inst|MUX:inst   ; work         ;
;       |8MUX:inst|          ; 19 (0)      ; 0            ; 0           ; 0    ; 0            ; 19 (0)       ; 0 (0)             ; 0 (0)            ; 0 (0)           ; 0 (0)      ; |shifter|16MUX:inst13|8MUX:inst                       ; work         ;
;          |4MUX:inst8|      ; 8 (0)       ; 0            ; 0           ; 0    ; 0            ; 8 (0)        ; 0 (0)             ; 0 (0)            ; 0 (0)           ; 0 (0)      ; |shifter|16MUX:inst13|8MUX:inst|4MUX:inst8            ; work         ;
;             |MUX:inst1|    ; 2 (2)       ; 0            ; 0           ; 0    ; 0            ; 2 (2)        ; 0 (0)             ; 0 (0)            ; 0 (0)           ; 0 (0)      ; |shifter|16MUX:inst13|8MUX:inst|4MUX:inst8|MUX:inst1  ; work         ;
;             |MUX:inst2|    ; 2 (2)       ; 0            ; 0           ; 0    ; 0            ; 2 (2)        ; 0 (0)             ; 0 (0)            ; 0 (0)           ; 0 (0)      ; |shifter|16MUX:inst13|8MUX:inst|4MUX:inst8|MUX:inst2  ; work         ;
;             |MUX:inst3|    ; 2 (2)       ; 0            ; 0           ; 0    ; 0            ; 2 (2)        ; 0 (0)             ; 0 (0)            ; 0 (0)           ; 0 (0)      ; |shifter|16MUX:inst13|8MUX:inst|4MUX:inst8|MUX:inst3  ; work         ;
;             |MUX:inst|     ; 2 (2)       ; 0            ; 0           ; 0    ; 0            ; 2 (2)        ; 0 (0)             ; 0 (0)            ; 0 (0)           ; 0 (0)      ; |shifter|16MUX:inst13|8MUX:inst|4MUX:inst8|MUX:inst   ; work         ;
;          |4MUX:inst|       ; 11 (0)      ; 0            ; 0           ; 0    ; 0            ; 11 (0)       ; 0 (0)             ; 0 (0)            ; 0 (0)           ; 0 (0)      ; |shifter|16MUX:inst13|8MUX:inst|4MUX:inst             ; work         ;
;             |MUX:inst1|    ; 2 (2)       ; 0            ; 0           ; 0    ; 0            ; 2 (2)        ; 0 (0)             ; 0 (0)            ; 0 (0)           ; 0 (0)      ; |shifter|16MUX:inst13|8MUX:inst|4MUX:inst|MUX:inst1   ; work         ;
;             |MUX:inst2|    ; 2 (2)       ; 0            ; 0           ; 0    ; 0            ; 2 (2)        ; 0 (0)             ; 0 (0)            ; 0 (0)           ; 0 (0)      ; |shifter|16MUX:inst13|8MUX:inst|4MUX:inst|MUX:inst2   ; work         ;
;             |MUX:inst3|    ; 2 (2)       ; 0            ; 0           ; 0    ; 0            ; 2 (2)        ; 0 (0)             ; 0 (0)            ; 0 (0)           ; 0 (0)      ; |shifter|16MUX:inst13|8MUX:inst|4MUX:inst|MUX:inst3   ; work         ;
;             |MUX:inst|     ; 5 (5)       ; 0            ; 0           ; 0    ; 0            ; 5 (5)        ; 0 (0)             ; 0 (0)            ; 0 (0)           ; 0 (0)      ; |shifter|16MUX:inst13|8MUX:inst|4MUX:inst|MUX:inst    ; work         ;
;    |16MUX:inst17|          ; 32 (0)      ; 0            ; 0           ; 0    ; 0            ; 32 (0)       ; 0 (0)             ; 0 (0)            ; 0 (0)           ; 0 (0)      ; |shifter|16MUX:inst17                                 ; work         ;
;       |8MUX:inst1|         ; 16 (0)      ; 0            ; 0           ; 0    ; 0            ; 16 (0)       ; 0 (0)             ; 0 (0)            ; 0 (0)           ; 0 (0)      ; |shifter|16MUX:inst17|8MUX:inst1                      ; work         ;
;          |4MUX:inst8|      ; 8 (0)       ; 0            ; 0           ; 0    ; 0            ; 8 (0)        ; 0 (0)             ; 0 (0)            ; 0 (0)           ; 0 (0)      ; |shifter|16MUX:inst17|8MUX:inst1|4MUX:inst8           ; work         ;
;             |MUX:inst1|    ; 2 (2)       ; 0            ; 0           ; 0    ; 0            ; 2 (2)        ; 0 (0)             ; 0 (0)            ; 0 (0)           ; 0 (0)      ; |shifter|16MUX:inst17|8MUX:inst1|4MUX:inst8|MUX:inst1 ; work         ;
;             |MUX:inst2|    ; 2 (2)       ; 0            ; 0           ; 0    ; 0            ; 2 (2)        ; 0 (0)             ; 0 (0)            ; 0 (0)           ; 0 (0)      ; |shifter|16MUX:inst17|8MUX:inst1|4MUX:inst8|MUX:inst2 ; work         ;
;             |MUX:inst3|    ; 2 (2)       ; 0            ; 0           ; 0    ; 0            ; 2 (2)        ; 0 (0)             ; 0 (0)            ; 0 (0)           ; 0 (0)      ; |shifter|16MUX:inst17|8MUX:inst1|4MUX:inst8|MUX:inst3 ; work         ;
;             |MUX:inst|     ; 2 (2)       ; 0            ; 0           ; 0    ; 0            ; 2 (2)        ; 0 (0)             ; 0 (0)            ; 0 (0)           ; 0 (0)      ; |shifter|16MUX:inst17|8MUX:inst1|4MUX:inst8|MUX:inst  ; work         ;
;          |4MUX:inst|       ; 8 (0)       ; 0            ; 0           ; 0    ; 0            ; 8 (0)        ; 0 (0)             ; 0 (0)            ; 0 (0)           ; 0 (0)      ; |shifter|16MUX:inst17|8MUX:inst1|4MUX:inst            ; work         ;
;             |MUX:inst1|    ; 2 (2)       ; 0            ; 0           ; 0    ; 0            ; 2 (2)        ; 0 (0)             ; 0 (0)            ; 0 (0)           ; 0 (0)      ; |shifter|16MUX:inst17|8MUX:inst1|4MUX:inst|MUX:inst1  ; work         ;
;             |MUX:inst2|    ; 2 (2)       ; 0            ; 0           ; 0    ; 0            ; 2 (2)        ; 0 (0)             ; 0 (0)            ; 0 (0)           ; 0 (0)      ; |shifter|16MUX:inst17|8MUX:inst1|4MUX:inst|MUX:inst2  ; work         ;
;             |MUX:inst3|    ; 2 (2)       ; 0            ; 0           ; 0    ; 0            ; 2 (2)        ; 0 (0)             ; 0 (0)            ; 0 (0)           ; 0 (0)      ; |shifter|16MUX:inst17|8MUX:inst1|4MUX:inst|MUX:inst3  ; work         ;
;             |MUX:inst|     ; 2 (2)       ; 0            ; 0           ; 0    ; 0            ; 2 (2)        ; 0 (0)             ; 0 (0)            ; 0 (0)           ; 0 (0)      ; |shifter|16MUX:inst17|8MUX:inst1|4MUX:inst|MUX:inst   ; work         ;
;       |8MUX:inst|          ; 16 (0)      ; 0            ; 0           ; 0    ; 0            ; 16 (0)       ; 0 (0)             ; 0 (0)            ; 0 (0)           ; 0 (0)      ; |shifter|16MUX:inst17|8MUX:inst                       ; work         ;
;          |4MUX:inst8|      ; 8 (0)       ; 0            ; 0           ; 0    ; 0            ; 8 (0)        ; 0 (0)             ; 0 (0)            ; 0 (0)           ; 0 (0)      ; |shifter|16MUX:inst17|8MUX:inst|4MUX:inst8            ; work         ;
;             |MUX:inst1|    ; 2 (2)       ; 0            ; 0           ; 0    ; 0            ; 2 (2)        ; 0 (0)             ; 0 (0)            ; 0 (0)           ; 0 (0)      ; |shifter|16MUX:inst17|8MUX:inst|4MUX:inst8|MUX:inst1  ; work         ;
;             |MUX:inst2|    ; 2 (2)       ; 0            ; 0           ; 0    ; 0            ; 2 (2)        ; 0 (0)             ; 0 (0)            ; 0 (0)           ; 0 (0)      ; |shifter|16MUX:inst17|8MUX:inst|4MUX:inst8|MUX:inst2  ; work         ;
;             |MUX:inst3|    ; 2 (2)       ; 0            ; 0           ; 0    ; 0            ; 2 (2)        ; 0 (0)             ; 0 (0)            ; 0 (0)           ; 0 (0)      ; |shifter|16MUX:inst17|8MUX:inst|4MUX:inst8|MUX:inst3  ; work         ;
;             |MUX:inst|     ; 2 (2)       ; 0            ; 0           ; 0    ; 0            ; 2 (2)        ; 0 (0)             ; 0 (0)            ; 0 (0)           ; 0 (0)      ; |shifter|16MUX:inst17|8MUX:inst|4MUX:inst8|MUX:inst   ; work         ;
;          |4MUX:inst|       ; 8 (0)       ; 0            ; 0           ; 0    ; 0            ; 8 (0)        ; 0 (0)             ; 0 (0)            ; 0 (0)           ; 0 (0)      ; |shifter|16MUX:inst17|8MUX:inst|4MUX:inst             ; work         ;
;             |MUX:inst1|    ; 2 (2)       ; 0            ; 0           ; 0    ; 0            ; 2 (2)        ; 0 (0)             ; 0 (0)            ; 0 (0)           ; 0 (0)      ; |shifter|16MUX:inst17|8MUX:inst|4MUX:inst|MUX:inst1   ; work         ;
;             |MUX:inst2|    ; 2 (2)       ; 0            ; 0           ; 0    ; 0            ; 2 (2)        ; 0 (0)             ; 0 (0)            ; 0 (0)           ; 0 (0)      ; |shifter|16MUX:inst17|8MUX:inst|4MUX:inst|MUX:inst2   ; work         ;
;             |MUX:inst3|    ; 2 (2)       ; 0            ; 0           ; 0    ; 0            ; 2 (2)        ; 0 (0)             ; 0 (0)            ; 0 (0)           ; 0 (0)      ; |shifter|16MUX:inst17|8MUX:inst|4MUX:inst|MUX:inst3   ; work         ;
;             |MUX:inst|     ; 2 (2)       ; 0            ; 0           ; 0    ; 0            ; 2 (2)        ; 0 (0)             ; 0 (0)            ; 0 (0)           ; 0 (0)      ; |shifter|16MUX:inst17|8MUX:inst|4MUX:inst|MUX:inst    ; work         ;
;    |16MUX:inst4|           ; 18 (0)      ; 0            ; 0           ; 0    ; 0            ; 18 (0)       ; 0 (0)             ; 0 (0)            ; 0 (0)           ; 0 (0)      ; |shifter|16MUX:inst4                                  ; work         ;
;       |8MUX:inst1|         ; 9 (0)       ; 0            ; 0           ; 0    ; 0            ; 9 (0)        ; 0 (0)             ; 0 (0)            ; 0 (0)           ; 0 (0)      ; |shifter|16MUX:inst4|8MUX:inst1                       ; work         ;
;          |4MUX:inst8|      ; 5 (0)       ; 0            ; 0           ; 0    ; 0            ; 5 (0)        ; 0 (0)             ; 0 (0)            ; 0 (0)           ; 0 (0)      ; |shifter|16MUX:inst4|8MUX:inst1|4MUX:inst8            ; work         ;
;             |MUX:inst1|    ; 1 (1)       ; 0            ; 0           ; 0    ; 0            ; 1 (1)        ; 0 (0)             ; 0 (0)            ; 0 (0)           ; 0 (0)      ; |shifter|16MUX:inst4|8MUX:inst1|4MUX:inst8|MUX:inst1  ; work         ;
;             |MUX:inst2|    ; 1 (1)       ; 0            ; 0           ; 0    ; 0            ; 1 (1)        ; 0 (0)             ; 0 (0)            ; 0 (0)           ; 0 (0)      ; |shifter|16MUX:inst4|8MUX:inst1|4MUX:inst8|MUX:inst2  ; work         ;
;             |MUX:inst3|    ; 1 (1)       ; 0            ; 0           ; 0    ; 0            ; 1 (1)        ; 0 (0)             ; 0 (0)            ; 0 (0)           ; 0 (0)      ; |shifter|16MUX:inst4|8MUX:inst1|4MUX:inst8|MUX:inst3  ; work         ;
;             |MUX:inst|     ; 2 (2)       ; 0            ; 0           ; 0    ; 0            ; 2 (2)        ; 0 (0)             ; 0 (0)            ; 0 (0)           ; 0 (0)      ; |shifter|16MUX:inst4|8MUX:inst1|4MUX:inst8|MUX:inst   ; work         ;
;          |4MUX:inst|       ; 4 (0)       ; 0            ; 0           ; 0    ; 0            ; 4 (0)        ; 0 (0)             ; 0 (0)            ; 0 (0)           ; 0 (0)      ; |shifter|16MUX:inst4|8MUX:inst1|4MUX:inst             ; work         ;
;             |MUX:inst1|    ; 1 (1)       ; 0            ; 0           ; 0    ; 0            ; 1 (1)        ; 0 (0)             ; 0 (0)            ; 0 (0)           ; 0 (0)      ; |shifter|16MUX:inst4|8MUX:inst1|4MUX:inst|MUX:inst1   ; work         ;
;             |MUX:inst2|    ; 1 (1)       ; 0            ; 0           ; 0    ; 0            ; 1 (1)        ; 0 (0)             ; 0 (0)            ; 0 (0)           ; 0 (0)      ; |shifter|16MUX:inst4|8MUX:inst1|4MUX:inst|MUX:inst2   ; work         ;
;             |MUX:inst3|    ; 1 (1)       ; 0            ; 0           ; 0    ; 0            ; 1 (1)        ; 0 (0)             ; 0 (0)            ; 0 (0)           ; 0 (0)      ; |shifter|16MUX:inst4|8MUX:inst1|4MUX:inst|MUX:inst3   ; work         ;
;             |MUX:inst|     ; 1 (1)       ; 0            ; 0           ; 0    ; 0            ; 1 (1)        ; 0 (0)             ; 0 (0)            ; 0 (0)           ; 0 (0)      ; |shifter|16MUX:inst4|8MUX:inst1|4MUX:inst|MUX:inst    ; work         ;
;       |8MUX:inst|          ; 9 (0)       ; 0            ; 0           ; 0    ; 0            ; 9 (0)        ; 0 (0)             ; 0 (0)            ; 0 (0)           ; 0 (0)      ; |shifter|16MUX:inst4|8MUX:inst                        ; work         ;
;          |4MUX:inst8|      ; 4 (0)       ; 0            ; 0           ; 0    ; 0            ; 4 (0)        ; 0 (0)             ; 0 (0)            ; 0 (0)           ; 0 (0)      ; |shifter|16MUX:inst4|8MUX:inst|4MUX:inst8             ; work         ;
;             |MUX:inst1|    ; 1 (1)       ; 0            ; 0           ; 0    ; 0            ; 1 (1)        ; 0 (0)             ; 0 (0)            ; 0 (0)           ; 0 (0)      ; |shifter|16MUX:inst4|8MUX:inst|4MUX:inst8|MUX:inst1   ; work         ;
;             |MUX:inst2|    ; 1 (1)       ; 0            ; 0           ; 0    ; 0            ; 1 (1)        ; 0 (0)             ; 0 (0)            ; 0 (0)           ; 0 (0)      ; |shifter|16MUX:inst4|8MUX:inst|4MUX:inst8|MUX:inst2   ; work         ;
;             |MUX:inst3|    ; 1 (1)       ; 0            ; 0           ; 0    ; 0            ; 1 (1)        ; 0 (0)             ; 0 (0)            ; 0 (0)           ; 0 (0)      ; |shifter|16MUX:inst4|8MUX:inst|4MUX:inst8|MUX:inst3   ; work         ;
;             |MUX:inst|     ; 1 (1)       ; 0            ; 0           ; 0    ; 0            ; 1 (1)        ; 0 (0)             ; 0 (0)            ; 0 (0)           ; 0 (0)      ; |shifter|16MUX:inst4|8MUX:inst|4MUX:inst8|MUX:inst    ; work         ;
;          |4MUX:inst|       ; 5 (0)       ; 0            ; 0           ; 0    ; 0            ; 5 (0)        ; 0 (0)             ; 0 (0)            ; 0 (0)           ; 0 (0)      ; |shifter|16MUX:inst4|8MUX:inst|4MUX:inst              ; work         ;
;             |MUX:inst1|    ; 1 (1)       ; 0            ; 0           ; 0    ; 0            ; 1 (1)        ; 0 (0)             ; 0 (0)            ; 0 (0)           ; 0 (0)      ; |shifter|16MUX:inst4|8MUX:inst|4MUX:inst|MUX:inst1    ; work         ;
;             |MUX:inst2|    ; 1 (1)       ; 0            ; 0           ; 0    ; 0            ; 1 (1)        ; 0 (0)             ; 0 (0)            ; 0 (0)           ; 0 (0)      ; |shifter|16MUX:inst4|8MUX:inst|4MUX:inst|MUX:inst2    ; work         ;
;             |MUX:inst3|    ; 1 (1)       ; 0            ; 0           ; 0    ; 0            ; 1 (1)        ; 0 (0)             ; 0 (0)            ; 0 (0)           ; 0 (0)      ; |shifter|16MUX:inst4|8MUX:inst|4MUX:inst|MUX:inst3    ; work         ;
;             |MUX:inst|     ; 2 (2)       ; 0            ; 0           ; 0    ; 0            ; 2 (2)        ; 0 (0)             ; 0 (0)            ; 0 (0)           ; 0 (0)      ; |shifter|16MUX:inst4|8MUX:inst|4MUX:inst|MUX:inst     ; work         ;
;    |16MUX:inst9|           ; 36 (0)      ; 0            ; 0           ; 0    ; 0            ; 36 (0)       ; 0 (0)             ; 0 (0)            ; 0 (0)           ; 0 (0)      ; |shifter|16MUX:inst9                                  ; work         ;
;       |8MUX:inst1|         ; 17 (0)      ; 0            ; 0           ; 0    ; 0            ; 17 (0)       ; 0 (0)             ; 0 (0)            ; 0 (0)           ; 0 (0)      ; |shifter|16MUX:inst9|8MUX:inst1                       ; work         ;
;          |4MUX:inst8|      ; 9 (0)       ; 0            ; 0           ; 0    ; 0            ; 9 (0)        ; 0 (0)             ; 0 (0)            ; 0 (0)           ; 0 (0)      ; |shifter|16MUX:inst9|8MUX:inst1|4MUX:inst8            ; work         ;
;             |MUX:inst1|    ; 2 (2)       ; 0            ; 0           ; 0    ; 0            ; 2 (2)        ; 0 (0)             ; 0 (0)            ; 0 (0)           ; 0 (0)      ; |shifter|16MUX:inst9|8MUX:inst1|4MUX:inst8|MUX:inst1  ; work         ;
;             |MUX:inst2|    ; 3 (3)       ; 0            ; 0           ; 0    ; 0            ; 3 (3)        ; 0 (0)             ; 0 (0)            ; 0 (0)           ; 0 (0)      ; |shifter|16MUX:inst9|8MUX:inst1|4MUX:inst8|MUX:inst2  ; work         ;
;             |MUX:inst3|    ; 2 (2)       ; 0            ; 0           ; 0    ; 0            ; 2 (2)        ; 0 (0)             ; 0 (0)            ; 0 (0)           ; 0 (0)      ; |shifter|16MUX:inst9|8MUX:inst1|4MUX:inst8|MUX:inst3  ; work         ;
;             |MUX:inst|     ; 2 (2)       ; 0            ; 0           ; 0    ; 0            ; 2 (2)        ; 0 (0)             ; 0 (0)            ; 0 (0)           ; 0 (0)      ; |shifter|16MUX:inst9|8MUX:inst1|4MUX:inst8|MUX:inst   ; work         ;
;          |4MUX:inst|       ; 8 (0)       ; 0            ; 0           ; 0    ; 0            ; 8 (0)        ; 0 (0)             ; 0 (0)            ; 0 (0)           ; 0 (0)      ; |shifter|16MUX:inst9|8MUX:inst1|4MUX:inst             ; work         ;
;             |MUX:inst1|    ; 2 (2)       ; 0            ; 0           ; 0    ; 0            ; 2 (2)        ; 0 (0)             ; 0 (0)            ; 0 (0)           ; 0 (0)      ; |shifter|16MUX:inst9|8MUX:inst1|4MUX:inst|MUX:inst1   ; work         ;
;             |MUX:inst2|    ; 2 (2)       ; 0            ; 0           ; 0    ; 0            ; 2 (2)        ; 0 (0)             ; 0 (0)            ; 0 (0)           ; 0 (0)      ; |shifter|16MUX:inst9|8MUX:inst1|4MUX:inst|MUX:inst2   ; work         ;
;             |MUX:inst3|    ; 2 (2)       ; 0            ; 0           ; 0    ; 0            ; 2 (2)        ; 0 (0)             ; 0 (0)            ; 0 (0)           ; 0 (0)      ; |shifter|16MUX:inst9|8MUX:inst1|4MUX:inst|MUX:inst3   ; work         ;
;             |MUX:inst|     ; 2 (2)       ; 0            ; 0           ; 0    ; 0            ; 2 (2)        ; 0 (0)             ; 0 (0)            ; 0 (0)           ; 0 (0)      ; |shifter|16MUX:inst9|8MUX:inst1|4MUX:inst|MUX:inst    ; work         ;
;       |8MUX:inst|          ; 19 (0)      ; 0            ; 0           ; 0    ; 0            ; 19 (0)       ; 0 (0)             ; 0 (0)            ; 0 (0)           ; 0 (0)      ; |shifter|16MUX:inst9|8MUX:inst                        ; work         ;
;          |4MUX:inst8|      ; 8 (0)       ; 0            ; 0           ; 0    ; 0            ; 8 (0)        ; 0 (0)             ; 0 (0)            ; 0 (0)           ; 0 (0)      ; |shifter|16MUX:inst9|8MUX:inst|4MUX:inst8             ; work         ;
;             |MUX:inst1|    ; 2 (2)       ; 0            ; 0           ; 0    ; 0            ; 2 (2)        ; 0 (0)             ; 0 (0)            ; 0 (0)           ; 0 (0)      ; |shifter|16MUX:inst9|8MUX:inst|4MUX:inst8|MUX:inst1   ; work         ;
;             |MUX:inst2|    ; 2 (2)       ; 0            ; 0           ; 0    ; 0            ; 2 (2)        ; 0 (0)             ; 0 (0)            ; 0 (0)           ; 0 (0)      ; |shifter|16MUX:inst9|8MUX:inst|4MUX:inst8|MUX:inst2   ; work         ;
;             |MUX:inst3|    ; 2 (2)       ; 0            ; 0           ; 0    ; 0            ; 2 (2)        ; 0 (0)             ; 0 (0)            ; 0 (0)           ; 0 (0)      ; |shifter|16MUX:inst9|8MUX:inst|4MUX:inst8|MUX:inst3   ; work         ;
;             |MUX:inst|     ; 2 (2)       ; 0            ; 0           ; 0    ; 0            ; 2 (2)        ; 0 (0)             ; 0 (0)            ; 0 (0)           ; 0 (0)      ; |shifter|16MUX:inst9|8MUX:inst|4MUX:inst8|MUX:inst    ; work         ;
;          |4MUX:inst|       ; 11 (0)      ; 0            ; 0           ; 0    ; 0            ; 11 (0)       ; 0 (0)             ; 0 (0)            ; 0 (0)           ; 0 (0)      ; |shifter|16MUX:inst9|8MUX:inst|4MUX:inst              ; work         ;
;             |MUX:inst1|    ; 2 (2)       ; 0            ; 0           ; 0    ; 0            ; 2 (2)        ; 0 (0)             ; 0 (0)            ; 0 (0)           ; 0 (0)      ; |shifter|16MUX:inst9|8MUX:inst|4MUX:inst|MUX:inst1    ; work         ;
;             |MUX:inst2|    ; 2 (2)       ; 0            ; 0           ; 0    ; 0            ; 2 (2)        ; 0 (0)             ; 0 (0)            ; 0 (0)           ; 0 (0)      ; |shifter|16MUX:inst9|8MUX:inst|4MUX:inst|MUX:inst2    ; work         ;
;             |MUX:inst3|    ; 2 (2)       ; 0            ; 0           ; 0    ; 0            ; 2 (2)        ; 0 (0)             ; 0 (0)            ; 0 (0)           ; 0 (0)      ; |shifter|16MUX:inst9|8MUX:inst|4MUX:inst|MUX:inst3    ; work         ;
;             |MUX:inst|     ; 5 (5)       ; 0            ; 0           ; 0    ; 0            ; 5 (5)        ; 0 (0)             ; 0 (0)            ; 0 (0)           ; 0 (0)      ; |shifter|16MUX:inst9|8MUX:inst|4MUX:inst|MUX:inst     ; work         ;
+----------------------------+-------------+--------------+-------------+------+--------------+--------------+-------------------+------------------+-----------------+------------+-------------------------------------------------------+--------------+
Note: For table entries with two numbers listed, the numbers in parentheses indicate the number of resources of the given type used by the specific entity alone. The numbers listed outside of parentheses indicate the total resources of the given type used by the specific entity and all of its sub-entities in the hierarchy.


+------------------------------------------------------+
; General Register Statistics                          ;
+----------------------------------------------+-------+
; Statistic                                    ; Value ;
+----------------------------------------------+-------+
; Total registers                              ; 0     ;
; Number of registers using Synchronous Clear  ; 0     ;
; Number of registers using Synchronous Load   ; 0     ;
; Number of registers using Asynchronous Clear ; 0     ;
; Number of registers using Asynchronous Load  ; 0     ;
; Number of registers using Clock Enable       ; 0     ;
; Number of registers using Preset             ; 0     ;
+----------------------------------------------+-------+


+-------------------------------------------------------------------------------------------------------------------------------------------------------------------------+
; Multiplexer Restructuring Statistics (Restructuring Performed)                                                                                                          ;
+--------------------+-----------+---------------+----------------------+------------------------+------------+-----------------------------------------------------------+
; Multiplexer Inputs ; Bus Width ; Baseline Area ; Area if Restructured ; Saving if Restructured ; Registered ; Example Multiplexer Output                                ;
+--------------------+-----------+---------------+----------------------+------------------------+------------+-----------------------------------------------------------+
; 3:1                ; 16 bits   ; 32 LEs        ; 32 LEs               ; 0 LEs                  ; No         ; |shifter|16MUX:inst4|8MUX:inst1|4MUX:inst|MUX:inst1|inst3 ;
; 3:1                ; 16 bits   ; 32 LEs        ; 32 LEs               ; 0 LEs                  ; No         ; |shifter|16MUX:inst9|8MUX:inst|4MUX:inst8|MUX:inst1|inst3 ;
; 3:1                ; 16 bits   ; 32 LEs        ; 32 LEs               ; 0 LEs                  ; No         ; |shifter|16MUX:inst13|8MUX:inst|4MUX:inst|MUX:inst|inst3  ;
; 3:1                ; 16 bits   ; 32 LEs        ; 32 LEs               ; 0 LEs                  ; No         ; |shifter|16MUX:inst17|8MUX:inst|4MUX:inst|MUX:inst1|inst3 ;
+--------------------+-----------+---------------+----------------------+------------------------+------------+-----------------------------------------------------------+


+-------------------------------+
; Elapsed Time Per Partition    ;
+----------------+--------------+
; Partition Name ; Elapsed Time ;
+----------------+--------------+
; Top            ; 00:00:00     ;
+----------------+--------------+


+-------------------------------+
; Analysis & Synthesis Messages ;
+-------------------------------+
Info: *******************************************************************
Info: Running Quartus II 32-bit Analysis & Synthesis
    Info: Version 13.0.1 Build 232 06/12/2013 Service Pack 1 SJ Full Version
    Info: Processing started: Tue Jan 24 18:48:47 2017
Info: Command: quartus_map --read_settings_files=on --write_settings_files=off shifter -c shifter
Info (20030): Parallel compilation is enabled and will use 2 of the 2 processors detected
Warning (12090): Entity "MUX" obtained from "../ALU/MUX.bdf" instead of from Quartus II megafunction library
Info (12021): Found 1 design units, including 1 entities, in source file /home/015/a0151390/le2/HW/cad/ALU/MUX.bdf
    Info (12023): Found entity 1: MUX
Info (12021): Found 1 design units, including 1 entities, in source file /home/015/a0151390/le2/HW/cad/ALU/16MUX.bdf
    Info (12023): Found entity 1: 16MUX
Info (12021): Found 1 design units, including 1 entities, in source file /home/015/a0151390/le2/HW/cad/ALU/8MUX.bdf
    Info (12023): Found entity 1: 8MUX
Info (12021): Found 1 design units, including 1 entities, in source file /home/015/a0151390/le2/HW/cad/ALU/4MUX.bdf
    Info (12023): Found entity 1: 4MUX
Info (12021): Found 1 design units, including 1 entities, in source file shifter.bdf
    Info (12023): Found entity 1: shifter
Info (12127): Elaborating entity "shifter" for the top level hierarchy
Info (12128): Elaborating entity "16MUX" for hierarchy "16MUX:inst17"
Info (12128): Elaborating entity "8MUX" for hierarchy "16MUX:inst17|8MUX:inst1"
Info (12128): Elaborating entity "4MUX" for hierarchy "16MUX:inst17|8MUX:inst1|4MUX:inst"
Info (12128): Elaborating entity "MUX" for hierarchy "16MUX:inst17|8MUX:inst1|4MUX:inst|MUX:inst"
Info (16010): Generating hard_block partition "hard_block:auto_generated_inst"
    Info (16011): Adding 0 node(s), including 0 DDIO, 0 PLL, 0 transceiver and 0 LCELL
Warning (21074): Design contains 2 input pin(s) that do not drive logic
    Warning (15610): No output dependent on input pin "opcode[3]"
    Warning (15610): No output dependent on input pin "opcode[2]"
Info (21057): Implemented 162 device resources after synthesis - the final resource count might be different
    Info (21058): Implemented 24 input pins
    Info (21059): Implemented 16 output pins
    Info (21061): Implemented 122 logic cells
Info: Quartus II 32-bit Analysis & Synthesis was successful. 0 errors, 4 warnings
    Info: Peak virtual memory: 341 megabytes
    Info: Processing ended: Tue Jan 24 18:48:51 2017
    Info: Elapsed time: 00:00:04
    Info: Total CPU time (on all processors): 00:00:03


