TimeQuest Timing Analyzer report for shifter
Tue Jan 24 18:49:03 2017
Quartus II 32-bit Version 13.0.1 Build 232 06/12/2013 Service Pack 1 SJ Full Version


---------------------
; Table of Contents ;
---------------------
  1. Legal Notice
  2. TimeQuest Timing Analyzer Summary
  3. Parallel Compilation
  4. Clocks
  5. Fmax Summary
  6. Setup Summary
  7. Hold Summary
  8. Recovery Summary
  9. Removal Summary
 10. Minimum Pulse Width Summary
 11. Propagation Delay
 12. Minimum Propagation Delay
 13. Clock Transfers
 14. Report TCCS
 15. Report RSKM
 16. Unconstrained Paths
 17. TimeQuest Timing Analyzer Messages



----------------
; Legal Notice ;
----------------
Copyright (C) 1991-2013 Altera Corporation
Your use of Altera Corporation's design tools, logic functions 
and other software and tools, and its AMPP partner logic 
functions, and any output files from any of the foregoing 
(including device programming or simulation files), and any 
associated documentation or information are expressly subject 
to the terms and conditions of the Altera Program License 
Subscription Agreement, Altera MegaCore Function License 
Agreement, or other applicable license agreement, including, 
without limitation, that your use is for the sole purpose of 
programming logic devices manufactured by Altera and sold by 
Altera or its authorized distributors.  Please refer to the 
applicable agreement for further details.



+-----------------------------------------------------------------------------------------+
; TimeQuest Timing Analyzer Summary                                                       ;
+--------------------+--------------------------------------------------------------------+
; Quartus II Version ; Version 13.0.1 Build 232 06/12/2013 Service Pack 1 SJ Full Version ;
; Revision Name      ; shifter                                                            ;
; Device Family      ; Cyclone                                                            ;
; Device Name        ; EP1C6Q240C8                                                        ;
; Timing Models      ; Final                                                              ;
; Delay Model        ; Slow Model                                                         ;
; Rise/Fall Delays   ; Unavailable                                                        ;
+--------------------+--------------------------------------------------------------------+


+------------------------------------------+
; Parallel Compilation                     ;
+----------------------------+-------------+
; Processors                 ; Number      ;
+----------------------------+-------------+
; Number detected on machine ; 2           ;
; Maximum allowed            ; 2           ;
;                            ;             ;
; Average used               ; 1.00        ;
; Maximum used               ; 1           ;
;                            ;             ;
; Usage by Processor         ; % Time Used ;
;     Processor 1            ; 100.0%      ;
;     Processor 2            ;   0.0%      ;
+----------------------------+-------------+


----------
; Clocks ;
----------
No clocks to report.


----------------
; Fmax Summary ;
----------------
No paths to report.


-----------------
; Setup Summary ;
-----------------
No paths to report.


----------------
; Hold Summary ;
----------------
No paths to report.


--------------------
; Recovery Summary ;
--------------------
No paths to report.


-------------------
; Removal Summary ;
-------------------
No paths to report.


-------------------------------
; Minimum Pulse Width Summary ;
-------------------------------
No paths to report.


+------------------------------------------------------+
; Propagation Delay                                    ;
+------------+-------------+--------+----+----+--------+
; Input Port ; Output Port ; RR     ; RF ; FR ; FF     ;
+------------+-------------+--------+----+----+--------+
; amount[0]  ; out[0]      ; 12.744 ;    ;    ; 12.744 ;
; amount[0]  ; out[1]      ; 13.625 ;    ;    ; 13.625 ;
; amount[0]  ; out[2]      ; 14.941 ;    ;    ; 14.941 ;
; amount[0]  ; out[3]      ; 13.260 ;    ;    ; 13.260 ;
; amount[0]  ; out[4]      ; 13.902 ;    ;    ; 13.902 ;
; amount[0]  ; out[5]      ; 13.579 ;    ;    ; 13.579 ;
; amount[0]  ; out[6]      ; 14.300 ;    ;    ; 14.300 ;
; amount[0]  ; out[7]      ; 13.784 ;    ;    ; 13.784 ;
; amount[0]  ; out[8]      ; 14.015 ;    ;    ; 14.015 ;
; amount[0]  ; out[9]      ; 14.037 ;    ;    ; 14.037 ;
; amount[0]  ; out[10]     ; 14.443 ;    ;    ; 14.443 ;
; amount[0]  ; out[11]     ; 15.222 ;    ;    ; 15.222 ;
; amount[0]  ; out[12]     ; 14.954 ;    ;    ; 14.954 ;
; amount[0]  ; out[13]     ; 13.871 ;    ;    ; 13.871 ;
; amount[0]  ; out[14]     ; 14.071 ;    ;    ; 14.071 ;
; amount[0]  ; out[15]     ; 13.528 ;    ;    ; 13.528 ;
; amount[1]  ; out[0]      ; 17.739 ;    ;    ; 17.739 ;
; amount[1]  ; out[1]      ; 18.168 ;    ;    ; 18.168 ;
; amount[1]  ; out[2]      ; 18.210 ;    ;    ; 18.210 ;
; amount[1]  ; out[3]      ; 15.246 ;    ;    ; 15.246 ;
; amount[1]  ; out[4]      ; 16.546 ;    ;    ; 16.546 ;
; amount[1]  ; out[5]      ; 15.486 ;    ;    ; 15.486 ;
; amount[1]  ; out[6]      ; 17.215 ;    ;    ; 17.215 ;
; amount[1]  ; out[7]      ; 16.452 ;    ;    ; 16.452 ;
; amount[1]  ; out[8]      ; 17.420 ;    ;    ; 17.420 ;
; amount[1]  ; out[9]      ; 16.741 ;    ;    ; 16.741 ;
; amount[1]  ; out[10]     ; 16.744 ;    ;    ; 16.744 ;
; amount[1]  ; out[11]     ; 16.883 ;    ;    ; 16.883 ;
; amount[1]  ; out[12]     ; 17.260 ;    ;    ; 17.260 ;
; amount[1]  ; out[13]     ; 17.209 ;    ;    ; 17.209 ;
; amount[1]  ; out[14]     ; 18.014 ;    ;    ; 18.014 ;
; amount[1]  ; out[15]     ; 18.327 ;    ;    ; 18.327 ;
; amount[2]  ; out[0]      ; 20.772 ;    ;    ; 20.772 ;
; amount[2]  ; out[1]      ; 20.951 ;    ;    ; 20.951 ;
; amount[2]  ; out[2]      ; 21.729 ;    ;    ; 21.729 ;
; amount[2]  ; out[3]      ; 19.628 ;    ;    ; 19.628 ;
; amount[2]  ; out[4]      ; 20.687 ;    ;    ; 20.687 ;
; amount[2]  ; out[5]      ; 19.911 ;    ;    ; 19.911 ;
; amount[2]  ; out[6]      ; 19.491 ;    ;    ; 19.491 ;
; amount[2]  ; out[7]      ; 18.130 ;    ;    ; 18.130 ;
; amount[2]  ; out[8]      ; 19.098 ;    ;    ; 19.098 ;
; amount[2]  ; out[9]      ; 20.446 ;    ;    ; 20.446 ;
; amount[2]  ; out[10]     ; 21.307 ;    ;    ; 21.307 ;
; amount[2]  ; out[11]     ; 21.446 ;    ;    ; 21.446 ;
; amount[2]  ; out[12]     ; 21.823 ;    ;    ; 21.823 ;
; amount[2]  ; out[13]     ; 20.075 ;    ;    ; 20.075 ;
; amount[2]  ; out[14]     ; 21.090 ;    ;    ; 21.090 ;
; amount[2]  ; out[15]     ; 21.110 ;    ;    ; 21.110 ;
; amount[3]  ; out[0]      ; 21.046 ;    ;    ; 21.046 ;
; amount[3]  ; out[1]      ; 21.662 ;    ;    ; 21.662 ;
; amount[3]  ; out[2]      ; 21.936 ;    ;    ; 21.936 ;
; amount[3]  ; out[3]      ; 20.312 ;    ;    ; 20.312 ;
; amount[3]  ; out[4]      ; 20.894 ;    ;    ; 20.894 ;
; amount[3]  ; out[5]      ; 20.622 ;    ;    ; 20.622 ;
; amount[3]  ; out[6]      ; 21.961 ;    ;    ; 21.961 ;
; amount[3]  ; out[7]      ; 21.198 ;    ;    ; 21.198 ;
; amount[3]  ; out[8]      ; 22.166 ;    ;    ; 22.166 ;
; amount[3]  ; out[9]      ; 21.578 ;    ;    ; 21.578 ;
; amount[3]  ; out[10]     ; 21.581 ;    ;    ; 21.581 ;
; amount[3]  ; out[11]     ; 22.234 ;    ;    ; 22.234 ;
; amount[3]  ; out[12]     ; 22.097 ;    ;    ; 22.097 ;
; amount[3]  ; out[13]     ; 20.812 ;    ;    ; 20.812 ;
; amount[3]  ; out[14]     ; 21.364 ;    ;    ; 21.364 ;
; amount[3]  ; out[15]     ; 21.821 ;    ;    ; 21.821 ;
; in[0]      ; out[0]      ; 16.207 ;    ;    ; 16.207 ;
; in[0]      ; out[1]      ; 17.974 ;    ;    ; 17.974 ;
; in[0]      ; out[2]      ; 18.790 ;    ;    ; 18.790 ;
; in[0]      ; out[3]      ; 18.234 ;    ;    ; 18.234 ;
; in[0]      ; out[4]      ; 17.502 ;    ;    ; 17.502 ;
; in[0]      ; out[5]      ; 18.512 ;    ;    ; 18.512 ;
; in[0]      ; out[6]      ; 18.476 ;    ;    ; 18.476 ;
; in[0]      ; out[7]      ; 18.986 ;    ;    ; 18.986 ;
; in[0]      ; out[8]      ; 17.106 ;    ;    ; 17.106 ;
; in[0]      ; out[9]      ; 20.181 ;    ;    ; 20.181 ;
; in[0]      ; out[10]     ; 19.302 ;    ;    ; 19.302 ;
; in[0]      ; out[11]     ; 20.837 ;    ;    ; 20.837 ;
; in[0]      ; out[12]     ; 19.000 ;    ;    ; 19.000 ;
; in[0]      ; out[13]     ; 19.415 ;    ;    ; 19.415 ;
; in[0]      ; out[14]     ; 18.879 ;    ;    ; 18.879 ;
; in[0]      ; out[15]     ; 20.266 ;    ;    ; 20.266 ;
; in[1]      ; out[0]      ; 19.401 ;    ;    ; 19.401 ;
; in[1]      ; out[1]      ; 16.490 ;    ;    ; 16.490 ;
; in[1]      ; out[2]      ; 20.298 ;    ;    ; 20.298 ;
; in[1]      ; out[3]      ; 18.197 ;    ;    ; 18.197 ;
; in[1]      ; out[4]      ; 19.256 ;    ;    ; 19.256 ;
; in[1]      ; out[5]      ; 17.977 ;    ;    ; 17.977 ;
; in[1]      ; out[6]      ; 20.323 ;    ;    ; 20.323 ;
; in[1]      ; out[7]      ; 19.560 ;    ;    ; 19.560 ;
; in[1]      ; out[8]      ; 20.528 ;    ;    ; 20.528 ;
; in[1]      ; out[9]      ; 17.786 ;    ;    ; 17.786 ;
; in[1]      ; out[10]     ; 19.936 ;    ;    ; 19.936 ;
; in[1]      ; out[11]     ; 20.075 ;    ;    ; 20.075 ;
; in[1]      ; out[12]     ; 20.452 ;    ;    ; 20.452 ;
; in[1]      ; out[13]     ; 17.647 ;    ;    ; 17.647 ;
; in[1]      ; out[14]     ; 19.719 ;    ;    ; 19.719 ;
; in[1]      ; out[15]     ; 19.361 ;    ;    ; 19.361 ;
; in[2]      ; out[0]      ; 13.983 ;    ;    ; 13.983 ;
; in[2]      ; out[1]      ; 14.862 ;    ;    ; 14.862 ;
; in[2]      ; out[2]      ; 12.535 ;    ;    ; 12.535 ;
; in[2]      ; out[3]      ; 13.221 ;    ;    ; 13.221 ;
; in[2]      ; out[4]      ; 13.762 ;    ;    ; 13.762 ;
; in[2]      ; out[5]      ; 13.531 ;    ;    ; 13.531 ;
; in[2]      ; out[6]      ; 13.037 ;    ;    ; 13.037 ;
; in[2]      ; out[7]      ; 14.207 ;    ;    ; 14.207 ;
; in[2]      ; out[8]      ; 13.699 ;    ;    ; 13.699 ;
; in[2]      ; out[9]      ; 14.455 ;    ;    ; 14.455 ;
; in[2]      ; out[10]     ; 12.162 ;    ;    ; 12.162 ;
; in[2]      ; out[11]     ; 15.510 ;    ;    ; 15.510 ;
; in[2]      ; out[12]     ; 14.708 ;    ;    ; 14.708 ;
; in[2]      ; out[13]     ; 14.155 ;    ;    ; 14.155 ;
; in[2]      ; out[14]     ; 12.782 ;    ;    ; 12.782 ;
; in[2]      ; out[15]     ; 15.021 ;    ;    ; 15.021 ;
; in[3]      ; out[0]      ; 19.392 ;    ;    ; 19.392 ;
; in[3]      ; out[1]      ; 18.218 ;    ;    ; 18.218 ;
; in[3]      ; out[2]      ; 19.863 ;    ;    ; 19.863 ;
; in[3]      ; out[3]      ; 15.963 ;    ;    ; 15.963 ;
; in[3]      ; out[4]      ; 18.770 ;    ;    ; 18.770 ;
; in[3]      ; out[5]      ; 17.710 ;    ;    ; 17.710 ;
; in[3]      ; out[6]      ; 19.192 ;    ;    ; 19.192 ;
; in[3]      ; out[7]      ; 17.984 ;    ;    ; 17.984 ;
; in[3]      ; out[8]      ; 19.680 ;    ;    ; 19.680 ;
; in[3]      ; out[9]      ; 19.449 ;    ;    ; 19.449 ;
; in[3]      ; out[10]     ; 19.303 ;    ;    ; 19.303 ;
; in[3]      ; out[11]     ; 18.154 ;    ;    ; 18.154 ;
; in[3]      ; out[12]     ; 19.884 ;    ;    ; 19.884 ;
; in[3]      ; out[13]     ; 17.945 ;    ;    ; 17.945 ;
; in[3]      ; out[14]     ; 18.993 ;    ;    ; 18.993 ;
; in[3]      ; out[15]     ; 18.440 ;    ;    ; 18.440 ;
; in[4]      ; out[0]      ; 16.362 ;    ;    ; 16.362 ;
; in[4]      ; out[1]      ; 18.129 ;    ;    ; 18.129 ;
; in[4]      ; out[2]      ; 18.945 ;    ;    ; 18.945 ;
; in[4]      ; out[3]      ; 18.389 ;    ;    ; 18.389 ;
; in[4]      ; out[4]      ; 16.381 ;    ;    ; 16.381 ;
; in[4]      ; out[5]      ; 18.205 ;    ;    ; 18.205 ;
; in[4]      ; out[6]      ; 18.169 ;    ;    ; 18.169 ;
; in[4]      ; out[7]      ; 18.679 ;    ;    ; 18.679 ;
; in[4]      ; out[8]      ; 16.818 ;    ;    ; 16.818 ;
; in[4]      ; out[9]      ; 18.612 ;    ;    ; 18.612 ;
; in[4]      ; out[10]     ; 17.733 ;    ;    ; 17.733 ;
; in[4]      ; out[11]     ; 19.268 ;    ;    ; 19.268 ;
; in[4]      ; out[12]     ; 16.955 ;    ;    ; 16.955 ;
; in[4]      ; out[13]     ; 18.386 ;    ;    ; 18.386 ;
; in[4]      ; out[14]     ; 17.850 ;    ;    ; 17.850 ;
; in[4]      ; out[15]     ; 19.237 ;    ;    ; 19.237 ;
; in[5]      ; out[0]      ; 19.217 ;    ;    ; 19.217 ;
; in[5]      ; out[1]      ; 17.199 ;    ;    ; 17.199 ;
; in[5]      ; out[2]      ; 20.607 ;    ;    ; 20.607 ;
; in[5]      ; out[3]      ; 18.506 ;    ;    ; 18.506 ;
; in[5]      ; out[4]      ; 19.565 ;    ;    ; 19.565 ;
; in[5]      ; out[5]      ; 16.844 ;    ;    ; 16.844 ;
; in[5]      ; out[6]      ; 20.619 ;    ;    ; 20.619 ;
; in[5]      ; out[7]      ; 19.856 ;    ;    ; 19.856 ;
; in[5]      ; out[8]      ; 20.824 ;    ;    ; 20.824 ;
; in[5]      ; out[9]      ; 19.094 ;    ;    ; 19.094 ;
; in[5]      ; out[10]     ; 20.051 ;    ;    ; 20.051 ;
; in[5]      ; out[11]     ; 20.190 ;    ;    ; 20.190 ;
; in[5]      ; out[12]     ; 20.567 ;    ;    ; 20.567 ;
; in[5]      ; out[13]     ; 16.883 ;    ;    ; 16.883 ;
; in[5]      ; out[14]     ; 19.535 ;    ;    ; 19.535 ;
; in[5]      ; out[15]     ; 19.177 ;    ;    ; 19.177 ;
; in[6]      ; out[0]      ; 20.198 ;    ;    ; 20.198 ;
; in[6]      ; out[1]      ; 21.077 ;    ;    ; 21.077 ;
; in[6]      ; out[2]      ; 19.472 ;    ;    ; 19.472 ;
; in[6]      ; out[3]      ; 19.727 ;    ;    ; 19.727 ;
; in[6]      ; out[4]      ; 20.268 ;    ;    ; 20.268 ;
; in[6]      ; out[5]      ; 20.037 ;    ;    ; 20.037 ;
; in[6]      ; out[6]      ; 17.695 ;    ;    ; 17.695 ;
; in[6]      ; out[7]      ; 19.941 ;    ;    ; 19.941 ;
; in[6]      ; out[8]      ; 19.433 ;    ;    ; 19.433 ;
; in[6]      ; out[9]      ; 20.189 ;    ;    ; 20.189 ;
; in[6]      ; out[10]     ; 18.329 ;    ;    ; 18.329 ;
; in[6]      ; out[11]     ; 21.010 ;    ;    ; 21.010 ;
; in[6]      ; out[12]     ; 20.208 ;    ;    ; 20.208 ;
; in[6]      ; out[13]     ; 19.655 ;    ;    ; 19.655 ;
; in[6]      ; out[14]     ; 16.851 ;    ;    ; 16.851 ;
; in[6]      ; out[15]     ; 21.236 ;    ;    ; 21.236 ;
; in[7]      ; out[0]      ; 18.322 ;    ;    ; 18.322 ;
; in[7]      ; out[1]      ; 17.148 ;    ;    ; 17.148 ;
; in[7]      ; out[2]      ; 18.793 ;    ;    ; 18.793 ;
; in[7]      ; out[3]      ; 16.145 ;    ;    ; 16.145 ;
; in[7]      ; out[4]      ; 18.496 ;    ;    ; 18.496 ;
; in[7]      ; out[5]      ; 17.436 ;    ;    ; 17.436 ;
; in[7]      ; out[6]      ; 18.918 ;    ;    ; 18.918 ;
; in[7]      ; out[7]      ; 16.809 ;    ;    ; 16.809 ;
; in[7]      ; out[8]      ; 18.911 ;    ;    ; 18.911 ;
; in[7]      ; out[9]      ; 18.680 ;    ;    ; 18.680 ;
; in[7]      ; out[10]     ; 18.534 ;    ;    ; 18.534 ;
; in[7]      ; out[11]     ; 18.160 ;    ;    ; 18.160 ;
; in[7]      ; out[12]     ; 18.931 ;    ;    ; 18.931 ;
; in[7]      ; out[13]     ; 16.992 ;    ;    ; 16.992 ;
; in[7]      ; out[14]     ; 18.040 ;    ;    ; 18.040 ;
; in[7]      ; out[15]     ; 16.727 ;    ;    ; 16.727 ;
; in[8]      ; out[0]      ; 15.577 ;    ;    ; 15.577 ;
; in[8]      ; out[1]      ; 17.952 ;    ;    ; 17.952 ;
; in[8]      ; out[2]      ; 18.768 ;    ;    ; 18.768 ;
; in[8]      ; out[3]      ; 18.212 ;    ;    ; 18.212 ;
; in[8]      ; out[4]      ; 17.669 ;    ;    ; 17.669 ;
; in[8]      ; out[5]      ; 18.679 ;    ;    ; 18.679 ;
; in[8]      ; out[6]      ; 18.643 ;    ;    ; 18.643 ;
; in[8]      ; out[7]      ; 19.153 ;    ;    ; 19.153 ;
; in[8]      ; out[8]      ; 17.273 ;    ;    ; 17.273 ;
; in[8]      ; out[9]      ; 20.064 ;    ;    ; 20.064 ;
; in[8]      ; out[10]     ; 19.185 ;    ;    ; 19.185 ;
; in[8]      ; out[11]     ; 20.720 ;    ;    ; 20.720 ;
; in[8]      ; out[12]     ; 18.883 ;    ;    ; 18.883 ;
; in[8]      ; out[13]     ; 19.298 ;    ;    ; 19.298 ;
; in[8]      ; out[14]     ; 18.762 ;    ;    ; 18.762 ;
; in[8]      ; out[15]     ; 20.149 ;    ;    ; 20.149 ;
; in[9]      ; out[0]      ; 19.228 ;    ;    ; 19.228 ;
; in[9]      ; out[1]      ; 16.317 ;    ;    ; 16.317 ;
; in[9]      ; out[2]      ; 20.129 ;    ;    ; 20.129 ;
; in[9]      ; out[3]      ; 18.028 ;    ;    ; 18.028 ;
; in[9]      ; out[4]      ; 19.087 ;    ;    ; 19.087 ;
; in[9]      ; out[5]      ; 17.808 ;    ;    ; 17.808 ;
; in[9]      ; out[6]      ; 20.154 ;    ;    ; 20.154 ;
; in[9]      ; out[7]      ; 19.391 ;    ;    ; 19.391 ;
; in[9]      ; out[8]      ; 20.359 ;    ;    ; 20.359 ;
; in[9]      ; out[9]      ; 17.617 ;    ;    ; 17.617 ;
; in[9]      ; out[10]     ; 19.763 ;    ;    ; 19.763 ;
; in[9]      ; out[11]     ; 19.902 ;    ;    ; 19.902 ;
; in[9]      ; out[12]     ; 20.279 ;    ;    ; 20.279 ;
; in[9]      ; out[13]     ; 17.474 ;    ;    ; 17.474 ;
; in[9]      ; out[14]     ; 19.546 ;    ;    ; 19.546 ;
; in[9]      ; out[15]     ; 19.188 ;    ;    ; 19.188 ;
; in[10]     ; out[0]      ; 13.673 ;    ;    ; 13.673 ;
; in[10]     ; out[1]      ; 14.552 ;    ;    ; 14.552 ;
; in[10]     ; out[2]      ; 12.225 ;    ;    ; 12.225 ;
; in[10]     ; out[3]      ; 12.909 ;    ;    ; 12.909 ;
; in[10]     ; out[4]      ; 13.450 ;    ;    ; 13.450 ;
; in[10]     ; out[5]      ; 13.219 ;    ;    ; 13.219 ;
; in[10]     ; out[6]      ; 12.725 ;    ;    ; 12.725 ;
; in[10]     ; out[7]      ; 13.895 ;    ;    ; 13.895 ;
; in[10]     ; out[8]      ; 13.387 ;    ;    ; 13.387 ;
; in[10]     ; out[9]      ; 14.143 ;    ;    ; 14.143 ;
; in[10]     ; out[10]     ; 11.850 ;    ;    ; 11.850 ;
; in[10]     ; out[11]     ; 15.200 ;    ;    ; 15.200 ;
; in[10]     ; out[12]     ; 14.398 ;    ;    ; 14.398 ;
; in[10]     ; out[13]     ; 13.845 ;    ;    ; 13.845 ;
; in[10]     ; out[14]     ; 12.472 ;    ;    ; 12.472 ;
; in[10]     ; out[15]     ; 14.711 ;    ;    ; 14.711 ;
; in[11]     ; out[0]      ; 19.279 ;    ;    ; 19.279 ;
; in[11]     ; out[1]      ; 18.105 ;    ;    ; 18.105 ;
; in[11]     ; out[2]      ; 19.750 ;    ;    ; 19.750 ;
; in[11]     ; out[3]      ; 15.854 ;    ;    ; 15.854 ;
; in[11]     ; out[4]      ; 18.657 ;    ;    ; 18.657 ;
; in[11]     ; out[5]      ; 17.597 ;    ;    ; 17.597 ;
; in[11]     ; out[6]      ; 19.079 ;    ;    ; 19.079 ;
; in[11]     ; out[7]      ; 17.871 ;    ;    ; 17.871 ;
; in[11]     ; out[8]      ; 19.567 ;    ;    ; 19.567 ;
; in[11]     ; out[9]      ; 19.336 ;    ;    ; 19.336 ;
; in[11]     ; out[10]     ; 19.190 ;    ;    ; 19.190 ;
; in[11]     ; out[11]     ; 18.041 ;    ;    ; 18.041 ;
; in[11]     ; out[12]     ; 19.771 ;    ;    ; 19.771 ;
; in[11]     ; out[13]     ; 17.832 ;    ;    ; 17.832 ;
; in[11]     ; out[14]     ; 18.880 ;    ;    ; 18.880 ;
; in[11]     ; out[15]     ; 18.327 ;    ;    ; 18.327 ;
; in[12]     ; out[0]      ; 16.275 ;    ;    ; 16.275 ;
; in[12]     ; out[1]      ; 18.042 ;    ;    ; 18.042 ;
; in[12]     ; out[2]      ; 18.858 ;    ;    ; 18.858 ;
; in[12]     ; out[3]      ; 18.302 ;    ;    ; 18.302 ;
; in[12]     ; out[4]      ; 16.514 ;    ;    ; 16.514 ;
; in[12]     ; out[5]      ; 18.338 ;    ;    ; 18.338 ;
; in[12]     ; out[6]      ; 18.302 ;    ;    ; 18.302 ;
; in[12]     ; out[7]      ; 18.812 ;    ;    ; 18.812 ;
; in[12]     ; out[8]      ; 16.951 ;    ;    ; 16.951 ;
; in[12]     ; out[9]      ; 18.745 ;    ;    ; 18.745 ;
; in[12]     ; out[10]     ; 17.866 ;    ;    ; 17.866 ;
; in[12]     ; out[11]     ; 19.401 ;    ;    ; 19.401 ;
; in[12]     ; out[12]     ; 16.868 ;    ;    ; 16.868 ;
; in[12]     ; out[13]     ; 18.299 ;    ;    ; 18.299 ;
; in[12]     ; out[14]     ; 17.763 ;    ;    ; 17.763 ;
; in[12]     ; out[15]     ; 19.150 ;    ;    ; 19.150 ;
; in[13]     ; out[0]      ; 18.650 ;    ;    ; 18.650 ;
; in[13]     ; out[1]      ; 16.632 ;    ;    ; 16.632 ;
; in[13]     ; out[2]      ; 20.040 ;    ;    ; 20.040 ;
; in[13]     ; out[3]      ; 17.939 ;    ;    ; 17.939 ;
; in[13]     ; out[4]      ; 18.998 ;    ;    ; 18.998 ;
; in[13]     ; out[5]      ; 16.277 ;    ;    ; 16.277 ;
; in[13]     ; out[6]      ; 20.052 ;    ;    ; 20.052 ;
; in[13]     ; out[7]      ; 19.289 ;    ;    ; 19.289 ;
; in[13]     ; out[8]      ; 20.257 ;    ;    ; 20.257 ;
; in[13]     ; out[9]      ; 18.527 ;    ;    ; 18.527 ;
; in[13]     ; out[10]     ; 19.484 ;    ;    ; 19.484 ;
; in[13]     ; out[11]     ; 19.623 ;    ;    ; 19.623 ;
; in[13]     ; out[12]     ; 20.000 ;    ;    ; 20.000 ;
; in[13]     ; out[13]     ; 16.316 ;    ;    ; 16.316 ;
; in[13]     ; out[14]     ; 18.968 ;    ;    ; 18.968 ;
; in[13]     ; out[15]     ; 18.610 ;    ;    ; 18.610 ;
; in[14]     ; out[0]      ; 18.953 ;    ;    ; 18.953 ;
; in[14]     ; out[1]      ; 19.832 ;    ;    ; 19.832 ;
; in[14]     ; out[2]      ; 18.227 ;    ;    ; 18.227 ;
; in[14]     ; out[3]      ; 18.482 ;    ;    ; 18.482 ;
; in[14]     ; out[4]      ; 19.023 ;    ;    ; 19.023 ;
; in[14]     ; out[5]      ; 18.792 ;    ;    ; 18.792 ;
; in[14]     ; out[6]      ; 16.450 ;    ;    ; 16.450 ;
; in[14]     ; out[7]      ; 18.696 ;    ;    ; 18.696 ;
; in[14]     ; out[8]      ; 18.188 ;    ;    ; 18.188 ;
; in[14]     ; out[9]      ; 18.944 ;    ;    ; 18.944 ;
; in[14]     ; out[10]     ; 17.084 ;    ;    ; 17.084 ;
; in[14]     ; out[11]     ; 19.765 ;    ;    ; 19.765 ;
; in[14]     ; out[12]     ; 18.963 ;    ;    ; 18.963 ;
; in[14]     ; out[13]     ; 18.410 ;    ;    ; 18.410 ;
; in[14]     ; out[14]     ; 15.883 ;    ;    ; 15.883 ;
; in[14]     ; out[15]     ; 19.991 ;    ;    ; 19.991 ;
; in[15]     ; out[0]      ; 18.721 ;    ;    ; 18.721 ;
; in[15]     ; out[1]      ; 17.547 ;    ;    ; 17.547 ;
; in[15]     ; out[2]      ; 19.192 ;    ;    ; 19.192 ;
; in[15]     ; out[3]      ; 16.544 ;    ;    ; 16.544 ;
; in[15]     ; out[4]      ; 18.895 ;    ;    ; 18.895 ;
; in[15]     ; out[5]      ; 17.835 ;    ;    ; 17.835 ;
; in[15]     ; out[6]      ; 19.317 ;    ;    ; 19.317 ;
; in[15]     ; out[7]      ; 17.208 ;    ;    ; 17.208 ;
; in[15]     ; out[8]      ; 19.310 ;    ;    ; 19.310 ;
; in[15]     ; out[9]      ; 19.079 ;    ;    ; 19.079 ;
; in[15]     ; out[10]     ; 18.933 ;    ;    ; 18.933 ;
; in[15]     ; out[11]     ; 18.559 ;    ;    ; 18.559 ;
; in[15]     ; out[12]     ; 19.330 ;    ;    ; 19.330 ;
; in[15]     ; out[13]     ; 17.391 ;    ;    ; 17.391 ;
; in[15]     ; out[14]     ; 18.439 ;    ;    ; 18.439 ;
; in[15]     ; out[15]     ; 17.132 ;    ;    ; 17.132 ;
; opcode[0]  ; out[0]      ; 22.217 ;    ;    ; 22.217 ;
; opcode[0]  ; out[1]      ; 22.549 ;    ;    ; 22.549 ;
; opcode[0]  ; out[2]      ; 23.093 ;    ;    ; 23.093 ;
; opcode[0]  ; out[3]      ; 21.199 ;    ;    ; 21.199 ;
; opcode[0]  ; out[4]      ; 22.051 ;    ;    ; 22.051 ;
; opcode[0]  ; out[5]      ; 21.509 ;    ;    ; 21.509 ;
; opcode[0]  ; out[6]      ; 23.118 ;    ;    ; 23.118 ;
; opcode[0]  ; out[7]      ; 22.355 ;    ;    ; 22.355 ;
; opcode[0]  ; out[8]      ; 23.323 ;    ;    ; 23.323 ;
; opcode[0]  ; out[9]      ; 22.842 ;    ;    ; 22.842 ;
; opcode[0]  ; out[10]     ; 22.752 ;    ;    ; 22.752 ;
; opcode[0]  ; out[11]     ; 23.498 ;    ;    ; 23.498 ;
; opcode[0]  ; out[12]     ; 23.268 ;    ;    ; 23.268 ;
; opcode[0]  ; out[13]     ; 22.076 ;    ;    ; 22.076 ;
; opcode[0]  ; out[14]     ; 22.535 ;    ;    ; 22.535 ;
; opcode[0]  ; out[15]     ; 22.927 ;    ;    ; 22.927 ;
; opcode[1]  ; out[0]      ; 23.214 ;    ;    ; 23.214 ;
; opcode[1]  ; out[1]      ; 23.546 ;    ;    ; 23.546 ;
; opcode[1]  ; out[2]      ; 24.086 ;    ;    ; 24.086 ;
; opcode[1]  ; out[3]      ; 22.196 ;    ;    ; 22.196 ;
; opcode[1]  ; out[4]      ; 23.044 ;    ;    ; 23.044 ;
; opcode[1]  ; out[5]      ; 22.506 ;    ;    ; 22.506 ;
; opcode[1]  ; out[6]      ; 24.111 ;    ;    ; 24.111 ;
; opcode[1]  ; out[7]      ; 23.348 ;    ;    ; 23.348 ;
; opcode[1]  ; out[8]      ; 24.316 ;    ;    ; 24.316 ;
; opcode[1]  ; out[9]      ; 23.835 ;    ;    ; 23.835 ;
; opcode[1]  ; out[10]     ; 23.749 ;    ;    ; 23.749 ;
; opcode[1]  ; out[11]     ; 24.491 ;    ;    ; 24.491 ;
; opcode[1]  ; out[12]     ; 24.265 ;    ;    ; 24.265 ;
; opcode[1]  ; out[13]     ; 23.069 ;    ;    ; 23.069 ;
; opcode[1]  ; out[14]     ; 23.532 ;    ;    ; 23.532 ;
; opcode[1]  ; out[15]     ; 23.920 ;    ;    ; 23.920 ;
+------------+-------------+--------+----+----+--------+


+------------------------------------------------------+
; Minimum Propagation Delay                            ;
+------------+-------------+--------+----+----+--------+
; Input Port ; Output Port ; RR     ; RF ; FR ; FF     ;
+------------+-------------+--------+----+----+--------+
; amount[0]  ; out[0]      ; 12.744 ;    ;    ; 12.744 ;
; amount[0]  ; out[1]      ; 12.595 ;    ;    ; 12.595 ;
; amount[0]  ; out[2]      ; 13.817 ;    ;    ; 13.817 ;
; amount[0]  ; out[3]      ; 12.829 ;    ;    ; 12.829 ;
; amount[0]  ; out[4]      ; 13.494 ;    ;    ; 13.494 ;
; amount[0]  ; out[5]      ; 12.735 ;    ;    ; 12.735 ;
; amount[0]  ; out[6]      ; 13.276 ;    ;    ; 13.276 ;
; amount[0]  ; out[7]      ; 12.736 ;    ;    ; 12.736 ;
; amount[0]  ; out[8]      ; 13.286 ;    ;    ; 13.286 ;
; amount[0]  ; out[9]      ; 12.990 ;    ;    ; 12.990 ;
; amount[0]  ; out[10]     ; 13.683 ;    ;    ; 13.683 ;
; amount[0]  ; out[11]     ; 14.467 ;    ;    ; 14.467 ;
; amount[0]  ; out[12]     ; 14.422 ;    ;    ; 14.422 ;
; amount[0]  ; out[13]     ; 13.026 ;    ;    ; 13.026 ;
; amount[0]  ; out[14]     ; 13.329 ;    ;    ; 13.329 ;
; amount[0]  ; out[15]     ; 13.528 ;    ;    ; 13.528 ;
; amount[1]  ; out[0]      ; 13.706 ;    ;    ; 13.706 ;
; amount[1]  ; out[1]      ; 13.736 ;    ;    ; 13.736 ;
; amount[1]  ; out[2]      ; 15.072 ;    ;    ; 15.072 ;
; amount[1]  ; out[3]      ; 13.843 ;    ;    ; 13.843 ;
; amount[1]  ; out[4]      ; 14.384 ;    ;    ; 14.384 ;
; amount[1]  ; out[5]      ; 14.153 ;    ;    ; 14.153 ;
; amount[1]  ; out[6]      ; 14.523 ;    ;    ; 14.523 ;
; amount[1]  ; out[7]      ; 14.824 ;    ;    ; 14.824 ;
; amount[1]  ; out[8]      ; 14.316 ;    ;    ; 14.316 ;
; amount[1]  ; out[9]      ; 15.072 ;    ;    ; 15.072 ;
; amount[1]  ; out[10]     ; 14.376 ;    ;    ; 14.376 ;
; amount[1]  ; out[11]     ; 15.748 ;    ;    ; 15.748 ;
; amount[1]  ; out[12]     ; 14.946 ;    ;    ; 14.946 ;
; amount[1]  ; out[13]     ; 14.393 ;    ;    ; 14.393 ;
; amount[1]  ; out[14]     ; 13.992 ;    ;    ; 13.992 ;
; amount[1]  ; out[15]     ; 14.378 ;    ;    ; 14.378 ;
; amount[2]  ; out[0]      ; 14.649 ;    ;    ; 14.649 ;
; amount[2]  ; out[1]      ; 14.742 ;    ;    ; 14.742 ;
; amount[2]  ; out[2]      ; 16.387 ;    ;    ; 16.387 ;
; amount[2]  ; out[3]      ; 14.492 ;    ;    ; 14.492 ;
; amount[2]  ; out[4]      ; 15.551 ;    ;    ; 15.551 ;
; amount[2]  ; out[5]      ; 15.298 ;    ;    ; 15.298 ;
; amount[2]  ; out[6]      ; 15.855 ;    ;    ; 15.855 ;
; amount[2]  ; out[7]      ; 15.600 ;    ;    ; 15.600 ;
; amount[2]  ; out[8]      ; 15.554 ;    ;    ; 15.554 ;
; amount[2]  ; out[9]      ; 15.890 ;    ;    ; 15.890 ;
; amount[2]  ; out[10]     ; 15.604 ;    ;    ; 15.604 ;
; amount[2]  ; out[11]     ; 16.506 ;    ;    ; 16.506 ;
; amount[2]  ; out[12]     ; 16.583 ;    ;    ; 16.583 ;
; amount[2]  ; out[13]     ; 15.168 ;    ;    ; 15.168 ;
; amount[2]  ; out[14]     ; 15.218 ;    ;    ; 15.218 ;
; amount[2]  ; out[15]     ; 15.687 ;    ;    ; 15.687 ;
; amount[3]  ; out[0]      ; 16.955 ;    ;    ; 16.955 ;
; amount[3]  ; out[1]      ; 17.661 ;    ;    ; 17.661 ;
; amount[3]  ; out[2]      ; 18.477 ;    ;    ; 18.477 ;
; amount[3]  ; out[3]      ; 16.837 ;    ;    ; 16.837 ;
; amount[3]  ; out[4]      ; 17.378 ;    ;    ; 17.378 ;
; amount[3]  ; out[5]      ; 17.147 ;    ;    ; 17.147 ;
; amount[3]  ; out[6]      ; 18.280 ;    ;    ; 18.280 ;
; amount[3]  ; out[7]      ; 18.323 ;    ;    ; 18.323 ;
; amount[3]  ; out[8]      ; 17.815 ;    ;    ; 17.815 ;
; amount[3]  ; out[9]      ; 18.571 ;    ;    ; 18.571 ;
; amount[3]  ; out[10]     ; 18.177 ;    ;    ; 18.177 ;
; amount[3]  ; out[11]     ; 19.134 ;    ;    ; 19.134 ;
; amount[3]  ; out[12]     ; 18.332 ;    ;    ; 18.332 ;
; amount[3]  ; out[13]     ; 17.628 ;    ;    ; 17.628 ;
; amount[3]  ; out[14]     ; 17.709 ;    ;    ; 17.709 ;
; amount[3]  ; out[15]     ; 17.993 ;    ;    ; 17.993 ;
; in[0]      ; out[0]      ; 16.207 ;    ;    ; 16.207 ;
; in[0]      ; out[1]      ; 17.086 ;    ;    ; 17.086 ;
; in[0]      ; out[2]      ; 18.598 ;    ;    ; 18.598 ;
; in[0]      ; out[3]      ; 16.958 ;    ;    ; 16.958 ;
; in[0]      ; out[4]      ; 17.499 ;    ;    ; 17.499 ;
; in[0]      ; out[5]      ; 17.268 ;    ;    ; 17.268 ;
; in[0]      ; out[6]      ; 18.457 ;    ;    ; 18.457 ;
; in[0]      ; out[7]      ; 17.614 ;    ;    ; 17.614 ;
; in[0]      ; out[8]      ; 17.106 ;    ;    ; 17.106 ;
; in[0]      ; out[9]      ; 17.862 ;    ;    ; 17.862 ;
; in[0]      ; out[10]     ; 18.021 ;    ;    ; 18.021 ;
; in[0]      ; out[11]     ; 19.518 ;    ;    ; 19.518 ;
; in[0]      ; out[12]     ; 18.716 ;    ;    ; 18.716 ;
; in[0]      ; out[13]     ; 18.163 ;    ;    ; 18.163 ;
; in[0]      ; out[14]     ; 17.695 ;    ;    ; 17.695 ;
; in[0]      ; out[15]     ; 17.245 ;    ;    ; 17.245 ;
; in[1]      ; out[0]      ; 17.664 ;    ;    ; 17.664 ;
; in[1]      ; out[1]      ; 16.490 ;    ;    ; 16.490 ;
; in[1]      ; out[2]      ; 18.135 ;    ;    ; 18.135 ;
; in[1]      ; out[3]      ; 17.797 ;    ;    ; 17.797 ;
; in[1]      ; out[4]      ; 18.845 ;    ;    ; 18.845 ;
; in[1]      ; out[5]      ; 17.785 ;    ;    ; 17.785 ;
; in[1]      ; out[6]      ; 19.267 ;    ;    ; 19.267 ;
; in[1]      ; out[7]      ; 18.548 ;    ;    ; 18.548 ;
; in[1]      ; out[8]      ; 18.017 ;    ;    ; 18.017 ;
; in[1]      ; out[9]      ; 17.786 ;    ;    ; 17.786 ;
; in[1]      ; out[10]     ; 17.640 ;    ;    ; 17.640 ;
; in[1]      ; out[11]     ; 18.882 ;    ;    ; 18.882 ;
; in[1]      ; out[12]     ; 19.259 ;    ;    ; 19.259 ;
; in[1]      ; out[13]     ; 17.355 ;    ;    ; 17.355 ;
; in[1]      ; out[14]     ; 18.403 ;    ;    ; 18.403 ;
; in[1]      ; out[15]     ; 18.468 ;    ;    ; 18.468 ;
; in[2]      ; out[0]      ; 13.261 ;    ;    ; 13.261 ;
; in[2]      ; out[1]      ; 11.719 ;    ;    ; 11.719 ;
; in[2]      ; out[2]      ; 12.535 ;    ;    ; 12.535 ;
; in[2]      ; out[3]      ; 11.979 ;    ;    ; 11.979 ;
; in[2]      ; out[4]      ; 13.177 ;    ;    ; 13.177 ;
; in[2]      ; out[5]      ; 12.488 ;    ;    ; 12.488 ;
; in[2]      ; out[6]      ; 12.452 ;    ;    ; 12.452 ;
; in[2]      ; out[7]      ; 12.962 ;    ;    ; 12.962 ;
; in[2]      ; out[8]      ; 13.114 ;    ;    ; 13.114 ;
; in[2]      ; out[9]      ; 13.041 ;    ;    ; 13.041 ;
; in[2]      ; out[10]     ; 12.162 ;    ;    ; 12.162 ;
; in[2]      ; out[11]     ; 13.697 ;    ;    ; 13.697 ;
; in[2]      ; out[12]     ; 14.041 ;    ;    ; 14.041 ;
; in[2]      ; out[13]     ; 12.854 ;    ;    ; 12.854 ;
; in[2]      ; out[14]     ; 12.318 ;    ;    ; 12.318 ;
; in[2]      ; out[15]     ; 13.705 ;    ;    ; 13.705 ;
; in[3]      ; out[0]      ; 18.140 ;    ;    ; 18.140 ;
; in[3]      ; out[1]      ; 16.966 ;    ;    ; 16.966 ;
; in[3]      ; out[2]      ; 18.064 ;    ;    ; 18.064 ;
; in[3]      ; out[3]      ; 15.963 ;    ;    ; 15.963 ;
; in[3]      ; out[4]      ; 17.022 ;    ;    ; 17.022 ;
; in[3]      ; out[5]      ; 17.254 ;    ;    ; 17.254 ;
; in[3]      ; out[6]      ; 18.466 ;    ;    ; 18.466 ;
; in[3]      ; out[7]      ; 17.703 ;    ;    ; 17.703 ;
; in[3]      ; out[8]      ; 18.671 ;    ;    ; 18.671 ;
; in[3]      ; out[9]      ; 18.674 ;    ;    ; 18.674 ;
; in[3]      ; out[10]     ; 18.015 ;    ;    ; 18.015 ;
; in[3]      ; out[11]     ; 18.154 ;    ;    ; 18.154 ;
; in[3]      ; out[12]     ; 18.531 ;    ;    ; 18.531 ;
; in[3]      ; out[13]     ; 16.986 ;    ;    ; 16.986 ;
; in[3]      ; out[14]     ; 18.034 ;    ;    ; 18.034 ;
; in[3]      ; out[15]     ; 18.160 ;    ;    ; 18.160 ;
; in[4]      ; out[0]      ; 15.958 ;    ;    ; 15.958 ;
; in[4]      ; out[1]      ; 16.664 ;    ;    ; 16.664 ;
; in[4]      ; out[2]      ; 17.480 ;    ;    ; 17.480 ;
; in[4]      ; out[3]      ; 15.840 ;    ;    ; 15.840 ;
; in[4]      ; out[4]      ; 16.381 ;    ;    ; 16.381 ;
; in[4]      ; out[5]      ; 16.150 ;    ;    ; 16.150 ;
; in[4]      ; out[6]      ; 17.355 ;    ;    ; 17.355 ;
; in[4]      ; out[7]      ; 16.957 ;    ;    ; 16.957 ;
; in[4]      ; out[8]      ; 16.449 ;    ;    ; 16.449 ;
; in[4]      ; out[9]      ; 17.205 ;    ;    ; 17.205 ;
; in[4]      ; out[10]     ; 17.257 ;    ;    ; 17.257 ;
; in[4]      ; out[11]     ; 17.757 ;    ;    ; 17.757 ;
; in[4]      ; out[12]     ; 16.955 ;    ;    ; 16.955 ;
; in[4]      ; out[13]     ; 16.402 ;    ;    ; 16.402 ;
; in[4]      ; out[14]     ; 16.834 ;    ;    ; 16.834 ;
; in[4]      ; out[15]     ; 16.996 ;    ;    ; 16.996 ;
; in[5]      ; out[0]      ; 18.193 ;    ;    ; 18.193 ;
; in[5]      ; out[1]      ; 17.019 ;    ;    ; 17.019 ;
; in[5]      ; out[2]      ; 18.664 ;    ;    ; 18.664 ;
; in[5]      ; out[3]      ; 17.064 ;    ;    ; 17.064 ;
; in[5]      ; out[4]      ; 17.904 ;    ;    ; 17.904 ;
; in[5]      ; out[5]      ; 16.844 ;    ;    ; 16.844 ;
; in[5]      ; out[6]      ; 18.326 ;    ;    ; 18.326 ;
; in[5]      ; out[7]      ; 18.427 ;    ;    ; 18.427 ;
; in[5]      ; out[8]      ; 19.145 ;    ;    ; 19.145 ;
; in[5]      ; out[9]      ; 18.914 ;    ;    ; 18.914 ;
; in[5]      ; out[10]     ; 18.768 ;    ;    ; 18.768 ;
; in[5]      ; out[11]     ; 19.311 ;    ;    ; 19.311 ;
; in[5]      ; out[12]     ; 18.822 ;    ;    ; 18.822 ;
; in[5]      ; out[13]     ; 16.883 ;    ;    ; 16.883 ;
; in[5]      ; out[14]     ; 17.931 ;    ;    ; 17.931 ;
; in[5]      ; out[15]     ; 18.597 ;    ;    ; 18.597 ;
; in[6]      ; out[0]      ; 18.052 ;    ;    ; 18.052 ;
; in[6]      ; out[1]      ; 17.858 ;    ;    ; 17.858 ;
; in[6]      ; out[2]      ; 18.674 ;    ;    ; 18.674 ;
; in[6]      ; out[3]      ; 17.879 ;    ;    ; 17.879 ;
; in[6]      ; out[4]      ; 18.420 ;    ;    ; 18.420 ;
; in[6]      ; out[5]      ; 17.731 ;    ;    ; 17.731 ;
; in[6]      ; out[6]      ; 17.695 ;    ;    ; 17.695 ;
; in[6]      ; out[7]      ; 18.205 ;    ;    ; 18.205 ;
; in[6]      ; out[8]      ; 18.357 ;    ;    ; 18.357 ;
; in[6]      ; out[9]      ; 18.727 ;    ;    ; 18.727 ;
; in[6]      ; out[10]     ; 17.848 ;    ;    ; 17.848 ;
; in[6]      ; out[11]     ; 19.383 ;    ;    ; 19.383 ;
; in[6]      ; out[12]     ; 18.777 ;    ;    ; 18.777 ;
; in[6]      ; out[13]     ; 17.387 ;    ;    ; 17.387 ;
; in[6]      ; out[14]     ; 16.851 ;    ;    ; 16.851 ;
; in[6]      ; out[15]     ; 18.238 ;    ;    ; 18.238 ;
; in[7]      ; out[0]      ; 16.767 ;    ;    ; 16.767 ;
; in[7]      ; out[1]      ; 16.505 ;    ;    ; 16.505 ;
; in[7]      ; out[2]      ; 18.106 ;    ;    ; 18.106 ;
; in[7]      ; out[3]      ; 16.005 ;    ;    ; 16.005 ;
; in[7]      ; out[4]      ; 17.064 ;    ;    ; 17.064 ;
; in[7]      ; out[5]      ; 16.535 ;    ;    ; 16.535 ;
; in[7]      ; out[6]      ; 17.572 ;    ;    ; 17.572 ;
; in[7]      ; out[7]      ; 16.809 ;    ;    ; 16.809 ;
; in[7]      ; out[8]      ; 17.777 ;    ;    ; 17.777 ;
; in[7]      ; out[9]      ; 18.274 ;    ;    ; 18.274 ;
; in[7]      ; out[10]     ; 17.881 ;    ;    ; 17.881 ;
; in[7]      ; out[11]     ; 18.020 ;    ;    ; 18.020 ;
; in[7]      ; out[12]     ; 18.171 ;    ;    ; 18.171 ;
; in[7]      ; out[13]     ; 16.232 ;    ;    ; 16.232 ;
; in[7]      ; out[14]     ; 17.085 ;    ;    ; 17.085 ;
; in[7]      ; out[15]     ; 16.727 ;    ;    ; 16.727 ;
; in[8]      ; out[0]      ; 15.577 ;    ;    ; 15.577 ;
; in[8]      ; out[1]      ; 16.456 ;    ;    ; 16.456 ;
; in[8]      ; out[2]      ; 17.968 ;    ;    ; 17.968 ;
; in[8]      ; out[3]      ; 16.328 ;    ;    ; 16.328 ;
; in[8]      ; out[4]      ; 16.869 ;    ;    ; 16.869 ;
; in[8]      ; out[5]      ; 16.638 ;    ;    ; 16.638 ;
; in[8]      ; out[6]      ; 17.843 ;    ;    ; 17.843 ;
; in[8]      ; out[7]      ; 17.781 ;    ;    ; 17.781 ;
; in[8]      ; out[8]      ; 17.273 ;    ;    ; 17.273 ;
; in[8]      ; out[9]      ; 18.029 ;    ;    ; 18.029 ;
; in[8]      ; out[10]     ; 18.188 ;    ;    ; 18.188 ;
; in[8]      ; out[11]     ; 19.172 ;    ;    ; 19.172 ;
; in[8]      ; out[12]     ; 18.370 ;    ;    ; 18.370 ;
; in[8]      ; out[13]     ; 17.601 ;    ;    ; 17.601 ;
; in[8]      ; out[14]     ; 17.065 ;    ;    ; 17.065 ;
; in[8]      ; out[15]     ; 16.615 ;    ;    ; 16.615 ;
; in[9]      ; out[0]      ; 17.491 ;    ;    ; 17.491 ;
; in[9]      ; out[1]      ; 16.317 ;    ;    ; 16.317 ;
; in[9]      ; out[2]      ; 17.962 ;    ;    ; 17.962 ;
; in[9]      ; out[3]      ; 17.624 ;    ;    ; 17.624 ;
; in[9]      ; out[4]      ; 18.672 ;    ;    ; 18.672 ;
; in[9]      ; out[5]      ; 17.612 ;    ;    ; 17.612 ;
; in[9]      ; out[6]      ; 19.094 ;    ;    ; 19.094 ;
; in[9]      ; out[7]      ; 18.379 ;    ;    ; 18.379 ;
; in[9]      ; out[8]      ; 17.848 ;    ;    ; 17.848 ;
; in[9]      ; out[9]      ; 17.617 ;    ;    ; 17.617 ;
; in[9]      ; out[10]     ; 17.471 ;    ;    ; 17.471 ;
; in[9]      ; out[11]     ; 18.713 ;    ;    ; 18.713 ;
; in[9]      ; out[12]     ; 19.090 ;    ;    ; 19.090 ;
; in[9]      ; out[13]     ; 17.186 ;    ;    ; 17.186 ;
; in[9]      ; out[14]     ; 18.234 ;    ;    ; 18.234 ;
; in[9]      ; out[15]     ; 18.295 ;    ;    ; 18.295 ;
; in[10]     ; out[0]      ; 12.951 ;    ;    ; 12.951 ;
; in[10]     ; out[1]      ; 11.409 ;    ;    ; 11.409 ;
; in[10]     ; out[2]      ; 12.225 ;    ;    ; 12.225 ;
; in[10]     ; out[3]      ; 11.669 ;    ;    ; 11.669 ;
; in[10]     ; out[4]      ; 12.867 ;    ;    ; 12.867 ;
; in[10]     ; out[5]      ; 12.178 ;    ;    ; 12.178 ;
; in[10]     ; out[6]      ; 12.142 ;    ;    ; 12.142 ;
; in[10]     ; out[7]      ; 12.652 ;    ;    ; 12.652 ;
; in[10]     ; out[8]      ; 12.804 ;    ;    ; 12.804 ;
; in[10]     ; out[9]      ; 12.729 ;    ;    ; 12.729 ;
; in[10]     ; out[10]     ; 11.850 ;    ;    ; 11.850 ;
; in[10]     ; out[11]     ; 13.385 ;    ;    ; 13.385 ;
; in[10]     ; out[12]     ; 13.729 ;    ;    ; 13.729 ;
; in[10]     ; out[13]     ; 12.542 ;    ;    ; 12.542 ;
; in[10]     ; out[14]     ; 12.006 ;    ;    ; 12.006 ;
; in[10]     ; out[15]     ; 13.393 ;    ;    ; 13.393 ;
; in[11]     ; out[0]      ; 18.031 ;    ;    ; 18.031 ;
; in[11]     ; out[1]      ; 16.857 ;    ;    ; 16.857 ;
; in[11]     ; out[2]      ; 17.955 ;    ;    ; 17.955 ;
; in[11]     ; out[3]      ; 15.854 ;    ;    ; 15.854 ;
; in[11]     ; out[4]      ; 16.913 ;    ;    ; 16.913 ;
; in[11]     ; out[5]      ; 17.145 ;    ;    ; 17.145 ;
; in[11]     ; out[6]      ; 18.357 ;    ;    ; 18.357 ;
; in[11]     ; out[7]      ; 17.594 ;    ;    ; 17.594 ;
; in[11]     ; out[8]      ; 18.562 ;    ;    ; 18.562 ;
; in[11]     ; out[9]      ; 18.561 ;    ;    ; 18.561 ;
; in[11]     ; out[10]     ; 17.902 ;    ;    ; 17.902 ;
; in[11]     ; out[11]     ; 18.041 ;    ;    ; 18.041 ;
; in[11]     ; out[12]     ; 18.418 ;    ;    ; 18.418 ;
; in[11]     ; out[13]     ; 16.873 ;    ;    ; 16.873 ;
; in[11]     ; out[14]     ; 17.921 ;    ;    ; 17.921 ;
; in[11]     ; out[15]     ; 18.051 ;    ;    ; 18.051 ;
; in[12]     ; out[0]      ; 16.091 ;    ;    ; 16.091 ;
; in[12]     ; out[1]      ; 16.797 ;    ;    ; 16.797 ;
; in[12]     ; out[2]      ; 17.613 ;    ;    ; 17.613 ;
; in[12]     ; out[3]      ; 15.973 ;    ;    ; 15.973 ;
; in[12]     ; out[4]      ; 16.514 ;    ;    ; 16.514 ;
; in[12]     ; out[5]      ; 16.283 ;    ;    ; 16.283 ;
; in[12]     ; out[6]      ; 17.488 ;    ;    ; 17.488 ;
; in[12]     ; out[7]      ; 16.870 ;    ;    ; 16.870 ;
; in[12]     ; out[8]      ; 16.362 ;    ;    ; 16.362 ;
; in[12]     ; out[9]      ; 17.118 ;    ;    ; 17.118 ;
; in[12]     ; out[10]     ; 17.170 ;    ;    ; 17.170 ;
; in[12]     ; out[11]     ; 17.670 ;    ;    ; 17.670 ;
; in[12]     ; out[12]     ; 16.868 ;    ;    ; 16.868 ;
; in[12]     ; out[13]     ; 16.315 ;    ;    ; 16.315 ;
; in[12]     ; out[14]     ; 16.747 ;    ;    ; 16.747 ;
; in[12]     ; out[15]     ; 17.129 ;    ;    ; 17.129 ;
; in[13]     ; out[0]      ; 17.626 ;    ;    ; 17.626 ;
; in[13]     ; out[1]      ; 16.452 ;    ;    ; 16.452 ;
; in[13]     ; out[2]      ; 18.097 ;    ;    ; 18.097 ;
; in[13]     ; out[3]      ; 16.497 ;    ;    ; 16.497 ;
; in[13]     ; out[4]      ; 17.337 ;    ;    ; 17.337 ;
; in[13]     ; out[5]      ; 16.277 ;    ;    ; 16.277 ;
; in[13]     ; out[6]      ; 17.759 ;    ;    ; 17.759 ;
; in[13]     ; out[7]      ; 17.860 ;    ;    ; 17.860 ;
; in[13]     ; out[8]      ; 18.578 ;    ;    ; 18.578 ;
; in[13]     ; out[9]      ; 18.347 ;    ;    ; 18.347 ;
; in[13]     ; out[10]     ; 18.201 ;    ;    ; 18.201 ;
; in[13]     ; out[11]     ; 18.744 ;    ;    ; 18.744 ;
; in[13]     ; out[12]     ; 18.255 ;    ;    ; 18.255 ;
; in[13]     ; out[13]     ; 16.316 ;    ;    ; 16.316 ;
; in[13]     ; out[14]     ; 17.364 ;    ;    ; 17.364 ;
; in[13]     ; out[15]     ; 18.030 ;    ;    ; 18.030 ;
; in[14]     ; out[0]      ; 17.084 ;    ;    ; 17.084 ;
; in[14]     ; out[1]      ; 16.890 ;    ;    ; 16.890 ;
; in[14]     ; out[2]      ; 17.706 ;    ;    ; 17.706 ;
; in[14]     ; out[3]      ; 16.634 ;    ;    ; 16.634 ;
; in[14]     ; out[4]      ; 17.175 ;    ;    ; 17.175 ;
; in[14]     ; out[5]      ; 16.486 ;    ;    ; 16.486 ;
; in[14]     ; out[6]      ; 16.450 ;    ;    ; 16.450 ;
; in[14]     ; out[7]      ; 16.960 ;    ;    ; 16.960 ;
; in[14]     ; out[8]      ; 17.112 ;    ;    ; 17.112 ;
; in[14]     ; out[9]      ; 17.759 ;    ;    ; 17.759 ;
; in[14]     ; out[10]     ; 16.880 ;    ;    ; 16.880 ;
; in[14]     ; out[11]     ; 18.415 ;    ;    ; 18.415 ;
; in[14]     ; out[12]     ; 17.809 ;    ;    ; 17.809 ;
; in[14]     ; out[13]     ; 16.419 ;    ;    ; 16.419 ;
; in[14]     ; out[14]     ; 15.883 ;    ;    ; 15.883 ;
; in[14]     ; out[15]     ; 17.270 ;    ;    ; 17.270 ;
; in[15]     ; out[0]      ; 17.172 ;    ;    ; 17.172 ;
; in[15]     ; out[1]      ; 16.910 ;    ;    ; 16.910 ;
; in[15]     ; out[2]      ; 18.511 ;    ;    ; 18.511 ;
; in[15]     ; out[3]      ; 16.410 ;    ;    ; 16.410 ;
; in[15]     ; out[4]      ; 17.469 ;    ;    ; 17.469 ;
; in[15]     ; out[5]      ; 16.934 ;    ;    ; 16.934 ;
; in[15]     ; out[6]      ; 17.971 ;    ;    ; 17.971 ;
; in[15]     ; out[7]      ; 17.208 ;    ;    ; 17.208 ;
; in[15]     ; out[8]      ; 18.176 ;    ;    ; 18.176 ;
; in[15]     ; out[9]      ; 18.673 ;    ;    ; 18.673 ;
; in[15]     ; out[10]     ; 18.286 ;    ;    ; 18.286 ;
; in[15]     ; out[11]     ; 18.425 ;    ;    ; 18.425 ;
; in[15]     ; out[12]     ; 18.576 ;    ;    ; 18.576 ;
; in[15]     ; out[13]     ; 16.637 ;    ;    ; 16.637 ;
; in[15]     ; out[14]     ; 17.490 ;    ;    ; 17.490 ;
; in[15]     ; out[15]     ; 17.132 ;    ;    ; 17.132 ;
; opcode[0]  ; out[0]      ; 13.075 ;    ;    ; 13.075 ;
; opcode[0]  ; out[1]      ; 15.832 ;    ;    ; 15.832 ;
; opcode[0]  ; out[2]      ; 17.477 ;    ;    ; 17.477 ;
; opcode[0]  ; out[3]      ; 16.111 ;    ;    ; 16.111 ;
; opcode[0]  ; out[4]      ; 17.170 ;    ;    ; 17.170 ;
; opcode[0]  ; out[5]      ; 17.402 ;    ;    ; 17.402 ;
; opcode[0]  ; out[6]      ; 18.884 ;    ;    ; 18.884 ;
; opcode[0]  ; out[7]      ; 18.048 ;    ;    ; 18.048 ;
; opcode[0]  ; out[8]      ; 17.540 ;    ;    ; 17.540 ;
; opcode[0]  ; out[9]      ; 18.296 ;    ;    ; 18.296 ;
; opcode[0]  ; out[10]     ; 18.348 ;    ;    ; 18.348 ;
; opcode[0]  ; out[11]     ; 18.848 ;    ;    ; 18.848 ;
; opcode[0]  ; out[12]     ; 18.046 ;    ;    ; 18.046 ;
; opcode[0]  ; out[13]     ; 16.482 ;    ;    ; 16.482 ;
; opcode[0]  ; out[14]     ; 15.946 ;    ;    ; 15.946 ;
; opcode[0]  ; out[15]     ; 13.577 ;    ;    ; 13.577 ;
; opcode[1]  ; out[0]      ; 14.441 ;    ;    ; 14.441 ;
; opcode[1]  ; out[1]      ; 15.073 ;    ;    ; 15.073 ;
; opcode[1]  ; out[2]      ; 15.711 ;    ;    ; 15.711 ;
; opcode[1]  ; out[3]      ; 14.148 ;    ;    ; 14.148 ;
; opcode[1]  ; out[4]      ; 14.667 ;    ;    ; 14.667 ;
; opcode[1]  ; out[5]      ; 14.451 ;    ;    ; 14.451 ;
; opcode[1]  ; out[6]      ; 16.086 ;    ;    ; 16.086 ;
; opcode[1]  ; out[7]      ; 15.579 ;    ;    ; 15.579 ;
; opcode[1]  ; out[8]      ; 15.508 ;    ;    ; 15.508 ;
; opcode[1]  ; out[9]      ; 15.826 ;    ;    ; 15.826 ;
; opcode[1]  ; out[10]     ; 14.885 ;    ;    ; 14.885 ;
; opcode[1]  ; out[11]     ; 15.672 ;    ;    ; 15.672 ;
; opcode[1]  ; out[12]     ; 15.407 ;    ;    ; 15.407 ;
; opcode[1]  ; out[13]     ; 14.303 ;    ;    ; 14.303 ;
; opcode[1]  ; out[14]     ; 14.393 ;    ;    ; 14.393 ;
; opcode[1]  ; out[15]     ; 14.944 ;    ;    ; 14.944 ;
+------------+-------------+--------+----+----+--------+


-------------------
; Clock Transfers ;
-------------------
Nothing to report.


---------------
; Report TCCS ;
---------------
No dedicated SERDES Transmitter circuitry present in device or used in design


---------------
; Report RSKM ;
---------------
No dedicated SERDES Receiver circuitry present in device or used in design


+------------------------------------------------+
; Unconstrained Paths                            ;
+---------------------------------+-------+------+
; Property                        ; Setup ; Hold ;
+---------------------------------+-------+------+
; Illegal Clocks                  ; 0     ; 0    ;
; Unconstrained Clocks            ; 0     ; 0    ;
; Unconstrained Input Ports       ; 22    ; 22   ;
; Unconstrained Input Port Paths  ; 352   ; 352  ;
; Unconstrained Output Ports      ; 16    ; 16   ;
; Unconstrained Output Port Paths ; 352   ; 352  ;
+---------------------------------+-------+------+


+------------------------------------+
; TimeQuest Timing Analyzer Messages ;
+------------------------------------+
Info: *******************************************************************
Info: Running Quartus II 32-bit TimeQuest Timing Analyzer
    Info: Version 13.0.1 Build 232 06/12/2013 Service Pack 1 SJ Full Version
    Info: Processing started: Tue Jan 24 18:49:02 2017
Info: Command: quartus_sta shifter -c shifter
Info: qsta_default_script.tcl version: #1
Info (20030): Parallel compilation is enabled and will use 2 of the 2 processors detected
Critical Warning (332012): Synopsys Design Constraints File file not found: 'shifter.sdc'. A Synopsys Design Constraints File is required by the TimeQuest Timing Analyzer to get proper timing constraints. Without it, the Compiler will not properly optimize the design.
Info (332142): No user constrained base clocks found in the design. Calling "derive_clocks -period 1.0"
Info (332096): The command derive_clocks did not find any clocks to derive.  No clocks were created or changed.
Warning (332068): No clocks defined in design.
Info: Found TIMEQUEST_REPORT_SCRIPT_INCLUDE_DEFAULT_ANALYSIS = ON
Info (332159): No clocks to report
Info (332140): No fmax paths to report
Info (332140): No Setup paths to report
Info (332140): No Hold paths to report
Info (332140): No Recovery paths to report
Info (332140): No Removal paths to report
Info (332140): No Minimum Pulse Width paths to report
Info (332001): The selected device family is not supported by the report_metastability command.
Info (332102): Design is not fully constrained for setup requirements
Info (332102): Design is not fully constrained for hold requirements
Info: Quartus II 32-bit TimeQuest Timing Analyzer was successful. 0 errors, 2 warnings
    Info: Peak virtual memory: 298 megabytes
    Info: Processing ended: Tue Jan 24 18:49:03 2017
    Info: Elapsed time: 00:00:01
    Info: Total CPU time (on all processors): 00:00:01


